#
# A fatal error has been detected by the Java Runtime Environment:
#
#  SIGBUS (0xa) at pc=0x00000001047ce238, pid=60368, tid=37123
#
# JRE version: OpenJDK Runtime Environment Zulu16.32+15-CA (16.0.2+7) (build 16.0.2+7)
# Java VM: OpenJDK 64-Bit Server VM Zulu16.32+15-CA (16.0.2+7, mixed mode, tiered, compressed oops, compressed class ptrs, g1 gc, bsd-aarch64)
# Problematic frame:
# V  [libjvm.dylib+0x906238]  MarkActivationClosure::do_code_blob(CodeBlob*)+0x3c
#
# No core dump will be written. Core dumps have been disabled. To enable core dumping, try "ulimit -c unlimited" before starting Java again
#
# If you would like to submit a bug report, please visit:
#   http://www.azul.com/support/
#

---------------  S U M M A R Y ------------

Command Line: -agentlib:jdwp=transport=dt_socket,address=127.0.0.1:57119,suspend=y,server=n -javaagent:/Users/angelmiguelperalta/Library/Caches/JetBrains/IdeaIC2021.2/captureAgent/debugger-agent.jar -Dfile.encoding=UTF-8 com.cornerfoodmarketwebsite.CornerFoodMarketWebsiteApplication

Host: MacBookPro18,2 arm64 1 MHz, 10 cores, 32G, Darwin 21.2.0, macOS 12.1 (21C52)
Time: Thu Jun 23 22:56:09 2022 EDT elapsed time: 3.645293 seconds (0d 0h 0m 3s)

---------------  T H R E A D  ---------------

Current thread (0x0000000141033200):  JavaThread "restartedMain" [_thread_in_vm, id=37123, stack(0x0000000291270000,0x0000000291473000)]

Stack: [0x0000000291270000,0x0000000291473000],  sp=0x000000029146d980,  free space=2038k
Native frames: (J=compiled Java code, A=aot compiled Java code, j=interpreted, Vv=VM code, C=native code)
V  [libjvm.dylib+0x906238]  MarkActivationClosure::do_code_blob(CodeBlob*)+0x3c
V  [libjvm.dylib+0x93e5ac]  JavaThread::nmethods_do(CodeBlobClosure*)+0x84
V  [libjvm.dylib+0x3e83c0]  HandshakeState::process_self_inner()+0x144
V  [libjvm.dylib+0x3e8268]  HandshakeState::process_by_self()+0x48
V  [libjvm.dylib+0x80d7ac]  SafepointMechanism::process_if_requested_slow(JavaThread*)+0x54
V  [libjvm.dylib+0x93e03c]  JavaThread::check_safepoint_and_suspend_for_native_trans(JavaThread*)+0x24
V  [libjvm.dylib+0x5f2c40]  JvmtiEnv::GetThreadLocalStorage(_jobject*, void**)+0xec
C  [libjdwp.dylib+0x21684]  findThread+0x84
C  [libjdwp.dylib+0x22aac]  threadControl_onEventHandlerEntry+0x68
C  [libjdwp.dylib+0x183d8]  event_callback+0x198
C  [libjdwp.dylib+0x15f48]  cbClassPrepare+0xc0
V  [libjvm.dylib+0x6065ac]  JvmtiExport::post_class_prepare(JavaThread*, Klass*)+0x2ec
V  [libjvm.dylib+0x4202e0]  InstanceKlass::link_class_impl(Thread*)+0x3e4
V  [libjvm.dylib+0x912990]  SystemDictionary::parse_stream(Symbol*, Handle, ClassFileStream*, ClassLoadInfo const&, Thread*)+0x284
V  [libjvm.dylib+0x4e0c54]  JVM_LookupDefineClass+0x65c
C  [libjava.dylib+0x3fc8]  Java_java_lang_ClassLoader_defineClass0+0x188
j  java.lang.ClassLoader.defineClass0(Ljava/lang/ClassLoader;Ljava/lang/Class;Ljava/lang/String;[BIILjava/security/ProtectionDomain;ZILjava/lang/Object;)Ljava/lang/Class;+0 java.base@16.0.2
J 1789 c1 java.lang.System$2.defineClass(Ljava/lang/ClassLoader;Ljava/lang/Class;Ljava/lang/String;[BLjava/security/ProtectionDomain;ZILjava/lang/Object;)Ljava/lang/Class; java.base@16.0.2 (21 bytes) @ 0x000000010df468ac [0x000000010df467c0+0x00000000000000ec]
J 1788 c1 java.lang.invoke.MethodHandles$Lookup$ClassDefiner.defineClass(ZLjava/lang/Object;)Ljava/lang/Class; java.base@16.0.2 (97 bytes) @ 0x000000010df45194 [0x000000010df44640+0x0000000000000b54]
J 4113 c1 java.lang.invoke.MethodHandles$Lookup$ClassDefiner.defineClassAsLookup(Z)Ljava/lang/invoke/MethodHandles$Lookup; java.base@16.0.2 (19 bytes) @ 0x000000010e548bf4 [0x000000010e548b40+0x00000000000000b4]
J 4111 c1 java.lang.invoke.MethodHandles$Lookup.defineHiddenClass([BZ[Ljava/lang/invoke/MethodHandles$Lookup$ClassOption;)Ljava/lang/invoke/MethodHandles$Lookup; java.base@16.0.2 (69 bytes) @ 0x000000010e5476f0 [0x000000010e546e40+0x00000000000008b0]
J 7768 c1 java.lang.invoke.InnerClassLambdaMetafactory.generateInnerClass()Ljava/lang/Class; java.base@16.0.2 (619 bytes) @ 0x000000010ea1876c [0x000000010ea179c0+0x0000000000000dac]
J 3934 c1 java.lang.invoke.InnerClassLambdaMetafactory.spinInnerClass()Ljava/lang/Class; java.base@16.0.2 (111 bytes) @ 0x000000010e4c0064 [0x000000010e4bfe80+0x00000000000001e4]
J 3933 c1 java.lang.invoke.InnerClassLambdaMetafactory.buildCallSite()Ljava/lang/invoke/CallSite; java.base@16.0.2 (206 bytes) @ 0x000000010e4bbf64 [0x000000010e4bbec0+0x00000000000000a4]
J 4015 c1 java.lang.invoke.LambdaMetafactory.metafactory(Ljava/lang/invoke/MethodHandles$Lookup;Ljava/lang/String;Ljava/lang/invoke/MethodType;Ljava/lang/invoke/MethodType;Ljava/lang/invoke/MethodHandle;Ljava/lang/invoke/MethodType;)Ljava/lang/invoke/CallSite; java.base@16.0.2 (35 bytes) @ 0x000000010e501be4 [0x000000010e501a00+0x00000000000001e4]
J 3014 c1 java.lang.invoke.LambdaForm$DMH+0x00000003001b0c00.invokeStatic(Ljava/lang/Object;Ljava/lang/Object;Ljava/lang/Object;Ljava/lang/Object;Ljava/lang/Object;Ljava/lang/Object;Ljava/lang/Object;)Ljava/lang/Object; java.base@16.0.2 (31 bytes) @ 0x000000010e267010 [0x000000010e266c80+0x0000000000000390]
J 2823 c1 java.lang.invoke.BootstrapMethodInvoker.invoke(Ljava/lang/Class;Ljava/lang/invoke/MethodHandle;Ljava/lang/String;Ljava/lang/Object;Ljava/lang/Object;Ljava/lang/Class;)Ljava/lang/Object; java.base@16.0.2 (661 bytes) @ 0x000000010e1ba934 [0x000000010e1b5a80+0x0000000000004eb4]
J 2822 c1 java.lang.invoke.CallSite.makeSite(Ljava/lang/invoke/MethodHandle;Ljava/lang/String;Ljava/lang/invoke/MethodType;Ljava/lang/Object;Ljava/lang/Class;)Ljava/lang/invoke/CallSite; java.base@16.0.2 (91 bytes) @ 0x000000010e1b3314 [0x000000010e1b3280+0x0000000000000094]
J 1863 c1 java.lang.invoke.MethodHandleNatives.linkCallSiteImpl(Ljava/lang/Class;Ljava/lang/invoke/MethodHandle;Ljava/lang/String;Ljava/lang/invoke/MethodType;Ljava/lang/Object;[Ljava/lang/Object;)Ljava/lang/invoke/MemberName; java.base@16.0.2 (44 bytes) @ 0x000000010df738fc [0x000000010df73880+0x000000000000007c]
J 1862 c1 java.lang.invoke.MethodHandleNatives.linkCallSite(Ljava/lang/Object;ILjava/lang/Object;Ljava/lang/Object;Ljava/lang/Object;Ljava/lang/Object;[Ljava/lang/Object;)Ljava/lang/invoke/MemberName; java.base@16.0.2 (66 bytes) @ 0x000000010df731c0 [0x000000010df72d40+0x0000000000000480]
v  ~StubRoutines::call_stub
V  [libjvm.dylib+0x43f7f8]  JavaCalls::call_helper(JavaValue*, methodHandle const&, JavaCallArguments*, Thread*)+0x30c
V  [libjvm.dylib+0x43ee34]  JavaCalls::call_static(JavaValue*, Klass*, Symbol*, Symbol*, JavaCallArguments*, Thread*)+0xc4
V  [libjvm.dylib+0x916818]  SystemDictionary::invoke_bootstrap_method(BootstrapInfo&, Thread*)+0x2ec
V  [libjvm.dylib+0x65a984]  LinkResolver::resolve_dynamic_call(CallInfo&, BootstrapInfo&, Thread*)+0x28
V  [libjvm.dylib+0x65a3bc]  LinkResolver::resolve_invokedynamic(CallInfo&, constantPoolHandle const&, int, Thread*)+0x88
V  [libjvm.dylib+0x439028]  InterpreterRuntime::resolve_invokedynamic(JavaThread*)+0x128
V  [libjvm.dylib+0x43912c]  InterpreterRuntime::resolve_from_cache(JavaThread*, Bytecodes::Code)+0x98
j  org.springframework.web.servlet.config.annotation.InterceptorRegistry.<clinit>()V+3
v  ~StubRoutines::call_stub
V  [libjvm.dylib+0x43f7f8]  JavaCalls::call_helper(JavaValue*, methodHandle const&, JavaCallArguments*, Thread*)+0x30c
V  [libjvm.dylib+0x4211c4]  InstanceKlass::call_class_initializer(Thread*)+0x1e8
V  [libjvm.dylib+0x4208f0]  InstanceKlass::initialize_impl(Thread*)+0x57c
V  [libjvm.dylib+0x435884]  InterpreterRuntime::_new(JavaThread*, ConstantPool*, int)+0xc4
j  org.springframework.web.servlet.config.annotation.WebMvcConfigurationSupport.getInterceptors(Lorg/springframework/format/support/FormattingConversionService;Lorg/springframework/web/servlet/resource/ResourceUrlProvider;)[Ljava/lang/Object;+7
j  org.springframework.web.servlet.config.annotation.WebMvcConfigurationSupport.requestMappingHandlerMapping(Lorg/springframework/web/accept/ContentNegotiationManager;Lorg/springframework/format/support/FormattingConversionService;Lorg/springframework/web/servlet/resource/ResourceUrlProvider;)Lorg/springframework/web/servlet/mvc/method/annotation/RequestMappingHandlerMapping;+17
j  org.springframework.boot.autoconfigure.web.servlet.WebMvcAutoConfiguration$EnableWebMvcConfiguration.requestMappingHandlerMapping(Lorg/springframework/web/accept/ContentNegotiationManager;Lorg/springframework/format/support/FormattingConversionService;Lorg/springframework/web/servlet/resource/ResourceUrlProvider;)Lorg/springframework/web/servlet/mvc/method/annotation/RequestMappingHandlerMapping;+4
v  ~StubRoutines::call_stub
V  [libjvm.dylib+0x43f7f8]  JavaCalls::call_helper(JavaValue*, methodHandle const&, JavaCallArguments*, Thread*)+0x30c
V  [libjvm.dylib+0x7f1108]  invoke(InstanceKlass*, methodHandle const&, Handle, bool, objArrayHandle, BasicType, objArrayHandle, bool, Thread*)+0x914
V  [libjvm.dylib+0x7f077c]  Reflection::invoke_method(oopDesc*, Handle, objArrayHandle, Thread*)+0x150
V  [libjvm.dylib+0x4f3cf4]  JVM_InvokeMethod+0x358
J 2555  jdk.internal.reflect.NativeMethodAccessorImpl.invoke0(Ljava/lang/reflect/Method;Ljava/lang/Object;[Ljava/lang/Object;)Ljava/lang/Object; java.base@16.0.2 (0 bytes) @ 0x00000001152037f0 [0x0000000115203740+0x00000000000000b0]
V  [libjvm.dylib+0xbad198]  TemplateInterpreter::_active_table+0x0

Java frames: (J=compiled Java code, j=interpreted, Vv=VM code)
j  java.lang.ClassLoader.defineClass0(Ljava/lang/ClassLoader;Ljava/lang/Class;Ljava/lang/String;[BIILjava/security/ProtectionDomain;ZILjava/lang/Object;)Ljava/lang/Class;+0 java.base@16.0.2
J 1789 c1 java.lang.System$2.defineClass(Ljava/lang/ClassLoader;Ljava/lang/Class;Ljava/lang/String;[BLjava/security/ProtectionDomain;ZILjava/lang/Object;)Ljava/lang/Class; java.base@16.0.2 (21 bytes) @ 0x000000010df468ac [0x000000010df467c0+0x00000000000000ec]
J 1788 c1 java.lang.invoke.MethodHandles$Lookup$ClassDefiner.defineClass(ZLjava/lang/Object;)Ljava/lang/Class; java.base@16.0.2 (97 bytes) @ 0x000000010df45194 [0x000000010df44640+0x0000000000000b54]
J 4113 c1 java.lang.invoke.MethodHandles$Lookup$ClassDefiner.defineClassAsLookup(Z)Ljava/lang/invoke/MethodHandles$Lookup; java.base@16.0.2 (19 bytes) @ 0x000000010e548bf4 [0x000000010e548b40+0x00000000000000b4]
J 4111 c1 java.lang.invoke.MethodHandles$Lookup.defineHiddenClass([BZ[Ljava/lang/invoke/MethodHandles$Lookup$ClassOption;)Ljava/lang/invoke/MethodHandles$Lookup; java.base@16.0.2 (69 bytes) @ 0x000000010e5476f0 [0x000000010e546e40+0x00000000000008b0]
J 7768 c1 java.lang.invoke.InnerClassLambdaMetafactory.generateInnerClass()Ljava/lang/Class; java.base@16.0.2 (619 bytes) @ 0x000000010ea1876c [0x000000010ea179c0+0x0000000000000dac]
J 3934 c1 java.lang.invoke.InnerClassLambdaMetafactory.spinInnerClass()Ljava/lang/Class; java.base@16.0.2 (111 bytes) @ 0x000000010e4c0064 [0x000000010e4bfe80+0x00000000000001e4]
J 3933 c1 java.lang.invoke.InnerClassLambdaMetafactory.buildCallSite()Ljava/lang/invoke/CallSite; java.base@16.0.2 (206 bytes) @ 0x000000010e4bbf64 [0x000000010e4bbec0+0x00000000000000a4]
J 4015 c1 java.lang.invoke.LambdaMetafactory.metafactory(Ljava/lang/invoke/MethodHandles$Lookup;Ljava/lang/String;Ljava/lang/invoke/MethodType;Ljava/lang/invoke/MethodType;Ljava/lang/invoke/MethodHandle;Ljava/lang/invoke/MethodType;)Ljava/lang/invoke/CallSite; java.base@16.0.2 (35 bytes) @ 0x000000010e501be4 [0x000000010e501a00+0x00000000000001e4]
J 3014 c1 java.lang.invoke.LambdaForm$DMH+0x00000003001b0c00.invokeStatic(Ljava/lang/Object;Ljava/lang/Object;Ljava/lang/Object;Ljava/lang/Object;Ljava/lang/Object;Ljava/lang/Object;Ljava/lang/Object;)Ljava/lang/Object; java.base@16.0.2 (31 bytes) @ 0x000000010e267010 [0x000000010e266c80+0x0000000000000390]
J 2823 c1 java.lang.invoke.BootstrapMethodInvoker.invoke(Ljava/lang/Class;Ljava/lang/invoke/MethodHandle;Ljava/lang/String;Ljava/lang/Object;Ljava/lang/Object;Ljava/lang/Class;)Ljava/lang/Object; java.base@16.0.2 (661 bytes) @ 0x000000010e1ba934 [0x000000010e1b5a80+0x0000000000004eb4]
J 2822 c1 java.lang.invoke.CallSite.makeSite(Ljava/lang/invoke/MethodHandle;Ljava/lang/String;Ljava/lang/invoke/MethodType;Ljava/lang/Object;Ljava/lang/Class;)Ljava/lang/invoke/CallSite; java.base@16.0.2 (91 bytes) @ 0x000000010e1b3314 [0x000000010e1b3280+0x0000000000000094]
J 1863 c1 java.lang.invoke.MethodHandleNatives.linkCallSiteImpl(Ljava/lang/Class;Ljava/lang/invoke/MethodHandle;Ljava/lang/String;Ljava/lang/invoke/MethodType;Ljava/lang/Object;[Ljava/lang/Object;)Ljava/lang/invoke/MemberName; java.base@16.0.2 (44 bytes) @ 0x000000010df738fc [0x000000010df73880+0x000000000000007c]
J 1862 c1 java.lang.invoke.MethodHandleNatives.linkCallSite(Ljava/lang/Object;ILjava/lang/Object;Ljava/lang/Object;Ljava/lang/Object;Ljava/lang/Object;[Ljava/lang/Object;)Ljava/lang/invoke/MemberName; java.base@16.0.2 (66 bytes) @ 0x000000010df731c0 [0x000000010df72d40+0x0000000000000480]
v  ~StubRoutines::call_stub
j  org.springframework.web.servlet.config.annotation.InterceptorRegistry.<clinit>()V+3
v  ~StubRoutines::call_stub
j  org.springframework.web.servlet.config.annotation.WebMvcConfigurationSupport.getInterceptors(Lorg/springframework/format/support/FormattingConversionService;Lorg/springframework/web/servlet/resource/ResourceUrlProvider;)[Ljava/lang/Object;+7
j  org.springframework.web.servlet.config.annotation.WebMvcConfigurationSupport.requestMappingHandlerMapping(Lorg/springframework/web/accept/ContentNegotiationManager;Lorg/springframework/format/support/FormattingConversionService;Lorg/springframework/web/servlet/resource/ResourceUrlProvider;)Lorg/springframework/web/servlet/mvc/method/annotation/RequestMappingHandlerMapping;+17
j  org.springframework.boot.autoconfigure.web.servlet.WebMvcAutoConfiguration$EnableWebMvcConfiguration.requestMappingHandlerMapping(Lorg/springframework/web/accept/ContentNegotiationManager;Lorg/springframework/format/support/FormattingConversionService;Lorg/springframework/web/servlet/resource/ResourceUrlProvider;)Lorg/springframework/web/servlet/mvc/method/annotation/RequestMappingHandlerMapping;+4
v  ~StubRoutines::call_stub
J 2555  jdk.internal.reflect.NativeMethodAccessorImpl.invoke0(Ljava/lang/reflect/Method;Ljava/lang/Object;[Ljava/lang/Object;)Ljava/lang/Object; java.base@16.0.2 (0 bytes) @ 0x00000001152037f0 [0x0000000115203740+0x00000000000000b0]
J 2554 c1 jdk.internal.reflect.NativeMethodAccessorImpl.invoke(Ljava/lang/Object;[Ljava/lang/Object;)Ljava/lang/Object; java.base@16.0.2 (150 bytes) @ 0x000000010e10a144 [0x000000010e109500+0x0000000000000c44]
J 5465 c2 java.lang.reflect.Method.invoke(Ljava/lang/Object;[Ljava/lang/Object;)Ljava/lang/Object; java.base@16.0.2 (65 bytes) @ 0x000000011518ff98 [0x000000011518fe80+0x0000000000000118]
j  org.springframework.beans.factory.support.SimpleInstantiationStrategy.instantiate(Lorg/springframework/beans/factory/support/RootBeanDefinition;Ljava/lang/String;Lorg/springframework/beans/factory/BeanFactory;Ljava/lang/Object;Ljava/lang/reflect/Method;[Ljava/lang/Object;)Ljava/lang/Object;+50
j  org.springframework.beans.factory.support.ConstructorResolver.instantiate(Ljava/lang/String;Lorg/springframework/beans/factory/support/RootBeanDefinition;Ljava/lang/Object;Ljava/lang/reflect/Method;[Ljava/lang/Object;)Ljava/lang/Object;+48
j  org.springframework.beans.factory.support.ConstructorResolver.instantiateUsingFactoryMethod(Ljava/lang/String;Lorg/springframework/beans/factory/support/RootBeanDefinition;[Ljava/lang/Object;)Lorg/springframework/beans/BeanWrapper;+1535
J 8504 c1 org.springframework.beans.factory.support.AbstractAutowireCapableBeanFactory.createBeanInstance(Ljava/lang/String;Lorg/springframework/beans/factory/support/RootBeanDefinition;[Ljava/lang/Object;)Lorg/springframework/beans/BeanWrapper; (254 bytes) @ 0x000000010ebb0c38 [0x000000010ebb0600+0x0000000000000638]
J 8379 c1 org.springframework.beans.factory.support.AbstractAutowireCapableBeanFactory.doCreateBean(Ljava/lang/String;Lorg/springframework/beans/factory/support/RootBeanDefinition;[Ljava/lang/Object;)Ljava/lang/Object; (507 bytes) @ 0x000000010eb5f2d0 [0x000000010eb5ed80+0x0000000000000550]
J 8378 c1 org.springframework.beans.factory.support.AbstractAutowireCapableBeanFactory.createBean(Ljava/lang/String;Lorg/springframework/beans/factory/support/RootBeanDefinition;[Ljava/lang/Object;)Ljava/lang/Object; (247 bytes) @ 0x000000010eb5b6ec [0x000000010eb59fc0+0x000000000000172c]
j  org.springframework.beans.factory.support.AbstractBeanFactory.lambda$doGetBean$0(Ljava/lang/String;Lorg/springframework/beans/factory/support/RootBeanDefinition;[Ljava/lang/Object;)Ljava/lang/Object;+4
j  org.springframework.beans.factory.support.AbstractBeanFactory$$Lambda$284+0x00000003002bb630.getObject()Ljava/lang/Object;+16
j  org.springframework.beans.factory.support.DefaultSingletonBeanRegistry.getSingleton(Ljava/lang/String;Lorg/springframework/beans/factory/ObjectFactory;)Ljava/lang/Object;+132
J 3329 c1 org.springframework.beans.factory.support.AbstractBeanFactory.doGetBean(Ljava/lang/String;Ljava/lang/Class;[Ljava/lang/Object;Z)Ljava/lang/Object; (832 bytes) @ 0x000000010e307364 [0x000000010e305480+0x0000000000001ee4]
J 8082 c1 org.springframework.beans.factory.support.AbstractBeanFactory.getBean(Ljava/lang/String;)Ljava/lang/Object; (9 bytes) @ 0x000000010eab645c [0x000000010eab63c0+0x000000000000009c]
j  org.springframework.beans.factory.support.DefaultListableBeanFactory.preInstantiateSingletons()V+248
j  org.springframework.context.support.AbstractApplicationContext.finishBeanFactoryInitialization(Lorg/springframework/beans/factory/config/ConfigurableListableBeanFactory;)V+124
j  org.springframework.context.support.AbstractApplicationContext.refresh()V+86
j  org.springframework.boot.web.servlet.context.ServletWebServerApplicationContext.refresh()V+1
j  org.springframework.boot.SpringApplication.refresh(Lorg/springframework/context/ConfigurableApplicationContext;)V+1
j  org.springframework.boot.SpringApplication.refreshContext(Lorg/springframework/context/ConfigurableApplicationContext;)V+19
j  org.springframework.boot.SpringApplication.run([Ljava/lang/String;)Lorg/springframework/context/ConfigurableApplicationContext;+111
j  org.springframework.boot.SpringApplication.run([Ljava/lang/Class;[Ljava/lang/String;)Lorg/springframework/context/ConfigurableApplicationContext;+9
j  org.springframework.boot.SpringApplication.run(Ljava/lang/Class;[Ljava/lang/String;)Lorg/springframework/context/ConfigurableApplicationContext;+9
j  com.cornerfoodmarketwebsite.CornerFoodMarketWebsiteApplication.main([Ljava/lang/String;)V+3
v  ~StubRoutines::call_stub
j  jdk.internal.reflect.NativeMethodAccessorImpl.invoke0(Ljava/lang/reflect/Method;Ljava/lang/Object;[Ljava/lang/Object;)Ljava/lang/Object;+0 java.base@16.0.2
j  jdk.internal.reflect.NativeMethodAccessorImpl.invoke(Ljava/lang/Object;[Ljava/lang/Object;)Ljava/lang/Object;+146 java.base@16.0.2
j  jdk.internal.reflect.DelegatingMethodAccessorImpl.invoke(Ljava/lang/Object;[Ljava/lang/Object;)Ljava/lang/Object;+6 java.base@16.0.2
j  java.lang.reflect.Method.invoke(Ljava/lang/Object;[Ljava/lang/Object;)Ljava/lang/Object;+59 java.base@16.0.2
j  org.springframework.boot.devtools.restart.RestartLauncher.run()V+42
v  ~StubRoutines::call_stub

siginfo: si_signo: 10 (SIGBUS), si_code: 1 (BUS_ADRALN), si_addr: 0x000000010df46758

Register to memory mapping:

 x0=0x0000000104a3b528: _ZL23mark_activation_closure+0 in /Users/angelmiguelperalta/Library/Java/JavaVirtualMachines/azul-16.0.2/Contents/Home/lib/server/libjvm.dylib at 0x0000000103ec8000
 x1=0x000000010df46610 is at entry_point+-432 in (nmethod*)0x000000010df46610
 x2=0x00000001047ce1fc: _ZN21MarkActivationClosure12do_code_blobEP8CodeBlob+0 in /Users/angelmiguelperalta/Library/Java/JavaVirtualMachines/azul-16.0.2/Contents/Home/lib/server/libjvm.dylib at 0x0000000103ec8000
 x3=0x0000000000000001 is an unknown value
 x4=0x0 is NULL
 x5=0x0000000000000001 is an unknown value
 x6=0x0 is NULL
 x7=0x000000029146c6f8 is pointing into the stack for thread: 0x0000000141033200
 x8=0x0000000104a6d000: _ZN16SafepointTracing9_op_countE+0xc8 in /Users/angelmiguelperalta/Library/Java/JavaVirtualMachines/azul-16.0.2/Contents/Home/lib/server/libjvm.dylib at 0x0000000103ec8000
 x9=0x00000000000001e0 is an unknown value
x10=0x0000000000006f4c is an unknown value
x11=0x00000001030f8000 points into unknown readable memory: 0x0706050403020100 | 00 01 02 03 04 05 06 07
x12=0x0000000000006f4c is an unknown value
x13=0x0 is NULL
x14=0x000000000000007a is an unknown value
x15=0x000000029146e458 is pointing into the stack for thread: 0x0000000141033200
x16=0x0 is NULL
x17=0x00000001c4c32218: default_zone_free_definite_size+0 in /usr/lib/system/libsystem_malloc.dylib at 0x00000001c4c30000
x18=0x0 is NULL
x19=0x000000010df46610 is at entry_point+-432 in (nmethod*)0x000000010df46610
x20=0x0000000141033200 is a thread
x21=0x000000029146d9d0 is pointing into the stack for thread: 0x0000000141033200
x22=0x0000000104a6d690: _ZN12StubRoutines25_call_stub_return_addressE+0 in /Users/angelmiguelperalta/Library/Java/JavaVirtualMachines/azul-16.0.2/Contents/Home/lib/server/libjvm.dylib at 0x0000000103ec8000
x23=0x0000000104a28000: _type2aelembytes+0x18 in /Users/angelmiguelperalta/Library/Java/JavaVirtualMachines/azul-16.0.2/Contents/Home/lib/server/libjvm.dylib at 0x0000000103ec8000
x24=0x00000000ffff2155 is an unknown value
x25=0x0000000104a28000: _type2aelembytes+0x18 in /Users/angelmiguelperalta/Library/Java/JavaVirtualMachines/azul-16.0.2/Contents/Home/lib/server/libjvm.dylib at 0x0000000103ec8000
x26=0x000000016f0bada0 is pointing into the stack for thread: 0x000000013380ec00
x27=0x0 is NULL
x28=0x0000000141033200 is a thread


Registers:
 x0=0x0000000104a3b528  x1=0x000000010df46610  x2=0x00000001047ce1fc  x3=0x0000000000000001
 x4=0x0000000000000000  x5=0x0000000000000001  x6=0x0000000000000000  x7=0x000000029146c6f8
 x8=0x0000000104a6d000  x9=0x00000000000001e0 x10=0x0000000000006f4c x11=0x00000001030f8000
x12=0x0000000000006f4c x13=0x0000000000000000 x14=0x000000000000007a x15=0x000000029146e458
x16=0x0000000000000000 x17=0x00000001c4c32218 x18=0x0000000000000000 x19=0x000000010df46610
x20=0x0000000141033200 x21=0x000000029146d9d0 x22=0x0000000104a6d690 x23=0x0000000104a28000
x24=0x00000000ffff2155 x25=0x0000000104a28000 x26=0x000000016f0bada0 x27=0x0000000000000000
x28=0x0000000141033200  fp=0x000000029146d990  lr=0x00000001048065ac  sp=0x000000029146d980
pc=0x00000001047ce238 cpsr=0x0000000080001000
Top of Stack: (sp=0x000000029146d980)
0x000000029146d980:   0000000141033200 0000000104a3b528
0x000000029146d990:   000000029146e510 00000001048065ac
0x000000029146d9a0:   000000029146f040 000000010df468ac
0x000000029146d9b0:   000000010df46610 a127000100000000
0x000000029146d9c0:   000000029146fef0 000000029146f0a0
0x000000029146d9d0:   0000000000000000 0000000000000000
0x000000029146d9e0:   0000000000000000 0000000000000000
0x000000029146d9f0:   0000000000000000 0000000000000000
0x000000029146da00:   0000000000000000 0000000000000000
0x000000029146da10:   0000000000000000 0000000000000000
0x000000029146da20:   0000000000000000 0000000000000000
0x000000029146da30:   0000000000000000 0000000000000000
0x000000029146da40:   0000000000000000 0000000000000000
0x000000029146da50:   0000000000000000 0000000000000000
0x000000029146da60:   0000000000000000 0000000000000000
0x000000029146da70:   0000000000000000 0000000000000000
0x000000029146da80:   0000000000000000 0000000000000000
0x000000029146da90:   0000000000000000 0000000000000000
0x000000029146daa0:   0000000000000000 0000000000000000
0x000000029146dab0:   0000000000000000 0000000000000000
0x000000029146dac0:   0000000000000000 0000000000000000
0x000000029146dad0:   0000000000000000 0000000000000000
0x000000029146dae0:   0000000000000000 0000000000000000
0x000000029146daf0:   0000000000000000 0000000000000000
0x000000029146db00:   0000000000000000 0000000000000000
0x000000029146db10:   0000000000000000 0000000000000000
0x000000029146db20:   0000000000000000 0000000000000000
0x000000029146db30:   0000000000000000 0000000000000000
0x000000029146db40:   0000000000000000 0000000000000000
0x000000029146db50:   0000000000000000 0000000000000000
0x000000029146db60:   0000000000000000 0000000000000000
0x000000029146db70:   0000000000000000 0000000000000000 

Instructions: (pc=0x00000001047ce238)
0x00000001047ce138:   91162421 aa1303e0 97fa1185 f00014e8
0x00000001047ce148:   fd455500 5e61d800 d2d09008 f2e825c8
0x00000001047ce158:   9e670101 1e611800 fd0003e0 f0000ae1
0x00000001047ce168:   9116a021 aa1303e0 97fa1179 f00014e8
0x00000001047ce178:   f9453108 f90003e8 f0000ae1 91175421
0x00000001047ce188:   aa1303e0 97fa1172 f00014e8 f9454908
0x00000001047ce198:   f00014e9 f9454d29 a90027e8 f0000ae1
0x00000001047ce1a8:   9117f021 aa1303e0 97fa1169 f00014e8
0x00000001047ce1b8:   f9455108 d34afd08 f90003e8 f0000ae1
0x00000001047ce1c8:   9118f021 aa1303e0 97fa1161 aa1403e0
0x00000001047ce1d8:   a9427bfd a9414ff4 9100c3ff 17fa1bcc
0x00000001047ce1e8:   a9bf7bfd 910003fd d2800000 a8c17bfd
0x00000001047ce1f8:   d65f03c0 a9be4ff4 a9017bfd 910043fd
0x00000001047ce208:   aa0103f3 f00014e8 b94a8909 35000129
0x00000001047ce218:   d00012c9 d503201f f9438d29 d354fd2a
0x00000001047ce228:   531f794a f144013f 1a9f2549 b90a8909
0x00000001047ce238:   b9014a69 f9400268 f9404108 aa1303e0
0x00000001047ce248:   d63f0100 340000a0 aa1303e0 a9417bfd
0x00000001047ce258:   a8c24ff4 17f94886 a9417bfd a8c24ff4
0x00000001047ce268:   d65f03c0 a9be4ff4 a9017bfd 910043fd
0x00000001047ce278:   aa0103f3 aa0003f4 f9400028 f9402108
0x00000001047ce288:   aa0103e0 d63f0100 340000c0 f9400268
0x00000001047ce298:   f9402908 aa1303e0 d63f0100 36000080
0x00000001047ce2a8:   a9417bfd a8c24ff4 d65f03c0 f9400a81
0x00000001047ce2b8:   f9400268 f9407902 aa1303e0 a9417bfd
0x00000001047ce2c8:   a8c24ff4 d61f0040 a9bf7bfd 910003fd
0x00000001047ce2d8:   a8c17bfd 17e04761 d101c3ff a90457f6
0x00000001047ce2e8:   a9054ff4 a9067bfd 910183fd aa0403f3
0x00000001047ce2f8:   aa0303f5 aa0003f4 a900ffff a90187ff
0x00000001047ce308:   f90017e2 b4000121 f9400828 a900a3e8
0x00000001047ce318:   79404828 8b080028 b9402029 531d7129
0x00000001047ce328:   8b090108 14000003 d2800008 a900ffff 


Stack slot to memory mapping:
stack at sp + 0 slots: 0x0000000141033200 is a thread
stack at sp + 1 slots: 0x0000000104a3b528: _ZL23mark_activation_closure+0 in /Users/angelmiguelperalta/Library/Java/JavaVirtualMachines/azul-16.0.2/Contents/Home/lib/server/libjvm.dylib at 0x0000000103ec8000
stack at sp + 2 slots: 0x000000029146e510 is pointing into the stack for thread: 0x0000000141033200
stack at sp + 3 slots: 0x00000001048065ac: _ZN10JavaThread11nmethods_doEP15CodeBlobClosure+0x84 in /Users/angelmiguelperalta/Library/Java/JavaVirtualMachines/azul-16.0.2/Contents/Home/lib/server/libjvm.dylib at 0x0000000103ec8000
stack at sp + 4 slots: 0x000000029146f040 is pointing into the stack for thread: 0x0000000141033200
stack at sp + 5 slots: 0x000000010df468ac is at entry_point+236 in (nmethod*)0x000000010df46610
stack at sp + 6 slots: 0x000000010df46610 is at entry_point+-432 in (nmethod*)0x000000010df46610
stack at sp + 7 slots: 0xa127000100000000 is an unknown value


---------------  P R O C E S S  ---------------

Threads class SMR info:
_java_thread_list=0x0000600003b5d9e0, length=24, elements={
0x0000000143008e00, 0x0000000132809200, 0x000000013300a400, 0x0000000132821800,
0x000000013300e200, 0x0000000133008200, 0x0000000133008800, 0x000000013380e600,
0x000000013380ec00, 0x0000000136019200, 0x0000000133812e00, 0x0000000133813400,
0x0000000133813a00, 0x0000000141009200, 0x00000001430eb000, 0x0000000133864e00,
0x0000000141033200, 0x000000013391d600, 0x00000001435f8800, 0x0000000141b56200,
0x0000000142484600, 0x0000000133812800, 0x0000000143244800, 0x0000000133bdf200
}

Java Threads: ( => current thread )
  0x0000000143008e00 JavaThread "main" [_thread_blocked, id=6403, stack(0x000000016d0f8000,0x000000016d2fb000)]
  0x0000000132809200 JavaThread "Reference Handler" daemon [_thread_blocked, id=17411, stack(0x000000016df4c000,0x000000016e14f000)]
  0x000000013300a400 JavaThread "Finalizer" daemon [_thread_blocked, id=15363, stack(0x000000016e158000,0x000000016e35b000)]
  0x0000000132821800 JavaThread "Signal Dispatcher" daemon [_thread_blocked, id=22531, stack(0x000000016e47c000,0x000000016e67f000)]
  0x000000013300e200 JavaThread "Service Thread" daemon [_thread_blocked, id=22787, stack(0x000000016e688000,0x000000016e88b000)]
  0x0000000133008200 JavaThread "Monitor Deflation Thread" daemon [_thread_blocked, id=23043, stack(0x000000016e894000,0x000000016ea97000)]
  0x0000000133008800 JavaThread "C2 CompilerThread0" daemon [_thread_in_vm, id=23555, stack(0x000000016eaa0000,0x000000016eca3000)]
  0x000000013380e600 JavaThread "C1 CompilerThread0" daemon [_thread_blocked, id=23811, stack(0x000000016ecac000,0x000000016eeaf000)]
  0x000000013380ec00 JavaThread "Sweeper thread" daemon [_thread_blocked, id=41731, stack(0x000000016eeb8000,0x000000016f0bb000)]
  0x0000000136019200 JavaThread "Common-Cleaner" daemon [_thread_blocked, id=41475, stack(0x000000016f0c4000,0x000000016f2c7000)]
  0x0000000133812e00 JavaThread "JDWP Transport Listener: dt_socket" daemon [_thread_blocked, id=24583, stack(0x000000016f2d0000,0x000000016f4d3000)]
  0x0000000133813400 JavaThread "JDWP Event Helper Thread" daemon [_thread_blocked, id=40963, stack(0x000000016f4dc000,0x000000016f6df000)]
  0x0000000133813a00 JavaThread "JDWP Command Reader" daemon [_thread_in_native, id=24835, stack(0x000000016f6e8000,0x000000016f8eb000)]
  0x0000000141009200 JavaThread "C2 CompilerThread1" daemon [_thread_in_native, id=25347, stack(0x000000016f8f4000,0x000000016faf7000)]
  0x00000001430eb000 JavaThread "Notification Thread" daemon [_thread_blocked, id=40195, stack(0x000000016fb00000,0x000000016fd03000)]
  0x0000000133864e00 JavaThread "Thread-0" [_thread_blocked, id=37379, stack(0x0000000291064000,0x0000000291267000)]
=>0x0000000141033200 JavaThread "restartedMain" [_thread_in_vm, id=37123, stack(0x0000000291270000,0x0000000291473000)]
  0x000000013391d600 JavaThread "C2 CompilerThread2" daemon [_thread_in_native, id=28423, stack(0x000000029147c000,0x000000029167f000)]
  0x00000001435f8800 JavaThread "Catalina-utility-1" [_thread_blocked, id=29191, stack(0x0000000291894000,0x0000000291a97000)]
  0x0000000141b56200 JavaThread "Catalina-utility-2" [_thread_blocked, id=36355, stack(0x0000000291aa0000,0x0000000291ca3000)]
  0x0000000142484600 JavaThread "container-0" [_thread_blocked, id=36099, stack(0x0000000291cac000,0x0000000291eaf000)]
  0x0000000133812800 JavaThread "HikariPool-1 housekeeper" daemon [_thread_blocked, id=30211, stack(0x0000000291eb8000,0x00000002920bb000)]
  0x0000000143244800 JavaThread "HikariPool-1 connection adder" daemon [_thread_blocked, id=35587, stack(0x00000002920c4000,0x00000002922c7000)]
  0x0000000133bdf200 JavaThread "java-sdk-http-connection-reaper" daemon [_thread_blocked, id=30723, stack(0x00000002922d0000,0x00000002924d3000)]

Other Threads:
  0x0000000140f07760 VMThread "VM Thread" [stack: 0x000000016dd40000,0x000000016df43000] [id=15107] _threads_hazard_ptr=0x0000600003b5d9e0
  0x000000010350c220 WatcherThread [stack: 0x000000016fd0c000,0x000000016ff0f000] [id=25859]
  0x0000000142906720 GCTaskThread "GC Thread#0" [stack: 0x000000016d304000,0x000000016d507000] [id=20227]
  0x0000000103510820 GCTaskThread "GC Thread#1" [stack: 0x0000000290004000,0x0000000290207000] [id=39683]
  0x0000000103510b20 GCTaskThread "GC Thread#2" [stack: 0x0000000290210000,0x0000000290413000] [id=39171]
  0x0000000103510ff0 GCTaskThread "GC Thread#3" [stack: 0x000000029041c000,0x000000029061f000] [id=26371]
  0x0000000142833870 GCTaskThread "GC Thread#4" [stack: 0x0000000290628000,0x000000029082b000] [id=26627]
  0x0000000131813140 GCTaskThread "GC Thread#5" [stack: 0x0000000290834000,0x0000000290a37000] [id=38659]
  0x000000010340dfa0 GCTaskThread "GC Thread#6" [stack: 0x0000000290a40000,0x0000000290c43000] [id=27139]
  0x00000001318136d0 GCTaskThread "GC Thread#7" [stack: 0x0000000290c4c000,0x0000000290e4f000] [id=37891]
  0x000000010340e8a0 GCTaskThread "GC Thread#8" [stack: 0x0000000290e58000,0x000000029105b000] [id=27395]
  0x0000000142906e20 ConcurrentGCThread "G1 Main Marker" [stack: 0x000000016d510000,0x000000016d713000] [id=12803]
  0x0000000142804aa0 ConcurrentGCThread "G1 Conc#0" [stack: 0x000000016d71c000,0x000000016d91f000] [id=19715]
  0x00000001428439f0 ConcurrentGCThread "G1 Conc#1" [stack: 0x0000000291688000,0x000000029188b000] [id=28675]
  0x000000014280fae0 ConcurrentGCThread "G1 Refine#0" [stack: 0x000000016d928000,0x000000016db2b000] [id=19459]
  0x00000001428103d0 ConcurrentGCThread "G1 Service" [stack: 0x000000016db34000,0x000000016dd37000] [id=14339]

Threads with active compile tasks:
C2 CompilerThread0     3651 8415       4       org.springframework.transaction.interceptor.BeanFactoryTransactionAttributeSourceAdvisor$1::getTransactionAttributeSource (8 bytes)
C2 CompilerThread1     3651 8431       4       org.springframework.transaction.interceptor.TransactionAttributeSourcePointcut::matches (26 bytes)
C2 CompilerThread2     3651 8502       4       jdk.internal.org.objectweb.asm.MethodWriter::computeAllFrames (510 bytes)

VM state: not at safepoint (normal execution)

VM Mutex/Monitor currently owned by a thread: None

Heap address: 0x00000005c0000000, size: 8192 MB, Compressed Oops mode: Zero based, Oop shift amount: 3

Compressed class space mapped at: 0x0000000300000000-0x0000000340000000, reserved size: 1073741824
Narrow klass base: 0x0000000000000000, Narrow klass shift: 3, Narrow klass range: 0x340000000

GC Precious Log:
 CPUs: 10 total, 10 available
 Memory: 32768M
 Large Page Support: Disabled
 NUMA Support: Disabled
 Compressed Oops: Enabled (Zero based)
 Heap Region Size: 4M
 Heap Min Capacity: 8M
 Heap Initial Capacity: 512M
 Heap Max Capacity: 8G
 Pre-touch: Disabled
 Parallel Workers: 9
 Concurrent Workers: 2
 Concurrent Refinement Workers: 9
 Periodic GC: Disabled

Heap:
 garbage-first heap   total 122880K, used 42195K [0x00000005c0000000, 0x00000007c0000000)
  region size 4096K, 3 young (12288K), 1 survivors (4096K)
 Metaspace       used 74647K, committed 75264K, reserved 1122304K
  class space    used 9258K, committed 9536K, reserved 1048576K

Heap Regions: E=young(eden), S=young(survivor), O=old, HS=humongous(starts), HC=humongous(continues), CS=collection set, F=free, OA=open archive, CA=closed archive, TAMS=top-at-mark-start (previous, next)
|   0|0x00000005c0000000, 0x00000005c0400000, 0x00000005c0400000|100%| O|  |TAMS 0x00000005c0400000, 0x00000005c0000000| Untracked 
|   1|0x00000005c0400000, 0x00000005c07ec200, 0x00000005c0800000| 98%| O|  |TAMS 0x00000005c07ec200, 0x00000005c0400000| Untracked 
|   2|0x00000005c0800000, 0x00000005c09d1c00, 0x00000005c0c00000| 45%| O|  |TAMS 0x00000005c09d1c00, 0x00000005c0800000| Untracked 
|   3|0x00000005c0c00000, 0x00000005c1000000, 0x00000005c1000000|100%| O|  |TAMS 0x00000005c1000000, 0x00000005c0c00000| Untracked 
|   4|0x00000005c1000000, 0x00000005c1382200, 0x00000005c1400000| 87%| O|  |TAMS 0x00000005c1382200, 0x00000005c1000000| Untracked 
|   5|0x00000005c1400000, 0x00000005c1800000, 0x00000005c1800000|100%| O|  |TAMS 0x00000005c1400000, 0x00000005c1400000| Untracked 
|   6|0x00000005c1800000, 0x00000005c1c00000, 0x00000005c1c00000|100%| O|  |TAMS 0x00000005c1800000, 0x00000005c1800000| Untracked 
|   7|0x00000005c1c00000, 0x00000005c2000000, 0x00000005c2000000|100%| O|  |TAMS 0x00000005c1c00000, 0x00000005c1c00000| Untracked 
|   8|0x00000005c2000000, 0x00000005c2400000, 0x00000005c2400000|100%| O|  |TAMS 0x00000005c2000000, 0x00000005c2000000| Untracked 
|   9|0x00000005c2400000, 0x00000005c247ea00, 0x00000005c2800000| 12%| O|  |TAMS 0x00000005c2400000, 0x00000005c2400000| Untracked 
|  10|0x00000005c2800000, 0x00000005c2800000, 0x00000005c2c00000|  0%| F|  |TAMS 0x00000005c2800000, 0x00000005c2800000| Untracked 
|  11|0x00000005c2c00000, 0x00000005c2c00000, 0x00000005c3000000|  0%| F|  |TAMS 0x00000005c2c00000, 0x00000005c2c00000| Untracked 
|  12|0x00000005c3000000, 0x00000005c3000000, 0x00000005c3400000|  0%| F|  |TAMS 0x00000005c3000000, 0x00000005c3000000| Untracked 
|  13|0x00000005c3400000, 0x00000005c3400000, 0x00000005c3800000|  0%| F|  |TAMS 0x00000005c3400000, 0x00000005c3400000| Untracked 
|  14|0x00000005c3800000, 0x00000005c3800000, 0x00000005c3c00000|  0%| F|  |TAMS 0x00000005c3800000, 0x00000005c3800000| Untracked 
|  15|0x00000005c3c00000, 0x00000005c3c00000, 0x00000005c4000000|  0%| F|  |TAMS 0x00000005c3c00000, 0x00000005c3c00000| Untracked 
|  16|0x00000005c4000000, 0x00000005c4376410, 0x00000005c4400000| 86%| S|CS|TAMS 0x00000005c4000000, 0x00000005c4000000| Complete 
|  17|0x00000005c4400000, 0x00000005c4400000, 0x00000005c4800000|  0%| F|  |TAMS 0x00000005c4400000, 0x00000005c4400000| Untracked 
|  18|0x00000005c4800000, 0x00000005c4800000, 0x00000005c4c00000|  0%| F|  |TAMS 0x00000005c4800000, 0x00000005c4800000| Untracked 
|  19|0x00000005c4c00000, 0x00000005c4c00000, 0x00000005c5000000|  0%| F|  |TAMS 0x00000005c4c00000, 0x00000005c4c00000| Untracked 
|  20|0x00000005c5000000, 0x00000005c5000000, 0x00000005c5400000|  0%| F|  |TAMS 0x00000005c5000000, 0x00000005c5000000| Untracked 
|  21|0x00000005c5400000, 0x00000005c5400000, 0x00000005c5800000|  0%| F|  |TAMS 0x00000005c5400000, 0x00000005c5400000| Untracked 
|  22|0x00000005c5800000, 0x00000005c5800000, 0x00000005c5c00000|  0%| F|  |TAMS 0x00000005c5800000, 0x00000005c5800000| Untracked 
|  23|0x00000005c5c00000, 0x00000005c5c00000, 0x00000005c6000000|  0%| F|  |TAMS 0x00000005c5c00000, 0x00000005c5c00000| Untracked 
|  24|0x00000005c6000000, 0x00000005c6000000, 0x00000005c6400000|  0%| F|  |TAMS 0x00000005c6000000, 0x00000005c6000000| Untracked 
|  25|0x00000005c6400000, 0x00000005c6400000, 0x00000005c6800000|  0%| F|  |TAMS 0x00000005c6400000, 0x00000005c6400000| Untracked 
|  51|0x00000005ccc00000, 0x00000005ccc00000, 0x00000005cd000000|  0%| F|  |TAMS 0x00000005ccc00000, 0x00000005ccc00000| Untracked 
|  52|0x00000005cd000000, 0x00000005cd000000, 0x00000005cd400000|  0%| F|  |TAMS 0x00000005cd000000, 0x00000005cd000000| Untracked 
|  53|0x00000005cd400000, 0x00000005cd800000, 0x00000005cd800000|100%| E|  |TAMS 0x00000005cd400000, 0x00000005cd400000| Complete 
| 127|0x00000005dfc00000, 0x00000005e0000000, 0x00000005e0000000|100%| E|CS|TAMS 0x00000005dfc00000, 0x00000005dfc00000| Complete 

Card table byte_map: [0x000000011d638000,0x000000011e638000] _byte_map_base: 0x000000011a838000

Marking Bits (Prev, Next): (CMBitMap*) 0x000000014302e850, (CMBitMap*) 0x000000014302e810
 Prev Bits: [0x0000000127638000, 0x000000012f638000)
 Next Bits: [0x000000011f638000, 0x0000000127638000)

Polling page: 0x0000000102fcc000

Metaspace:

Usage:
  Non-class:     63.86 MB used.
      Class:      9.04 MB used.
       Both:     72.90 MB used.

Virtual space:
  Non-class space:       72.00 MB reserved,      64.19 MB ( 89%) committed,  9 nodes.
      Class space:        1.00 GB reserved,       9.31 MB ( <1%) committed,  1 nodes.
              Both:        1.07 GB reserved,      73.50 MB (  7%) committed. 

Chunk freelists:
   Non-Class:  2.42 MB
       Class:  2.51 MB
        Both:  4.94 MB

MaxMetaspaceSize: 17179869184.00 GB
CompressedClassSpaceSize: 1.00 GB
 - commit_granule_bytes: 65536.
 - commit_granule_words: 8192.
 - virtual_space_node_default_size: 1048576.
 - enlarge_chunks_in_place: 1.
 - new_chunks_are_fully_committed: 0.
 - uncommit_free_chunks: 1.
 - use_allocation_guard: 0.
 - handle_deallocations: 1.


Internal statistics:

num_allocs_failed_limit: 9.
num_arena_births: 846.
num_arena_deaths: 0.
num_vsnodes_births: 10.
num_vsnodes_deaths: 0.
num_space_committed: 1176.
num_space_uncommitted: 0.
num_chunks_returned_to_freelist: 9.
num_chunks_taken_from_freelist: 3366.
num_chunk_merges: 9.
num_chunk_splits: 2285.
num_chunks_enlarged: 1637.
num_purges: 0.

CodeHeap 'non-profiled nmethods': size=120032Kb used=5410Kb max_used=5929Kb free=114622Kb
 bounds [0x0000000115100000, 0x00000001156d0000, 0x000000011c638000]
CodeHeap 'profiled nmethods': size=120016Kb used=15401Kb max_used=16436Kb free=104615Kb
 bounds [0x000000010dbcc000, 0x000000010ebdc000, 0x0000000115100000]
CodeHeap 'non-nmethods': size=5712Kb used=1303Kb max_used=1505Kb free=4409Kb
 bounds [0x000000010d638000, 0x000000010d8a8000, 0x000000010dbcc000]
 total_blobs=7838 nmethods=7222 adapters=532
 compilation: enabled
              stopped_count=0, restarted_count=0
 full_count=0

Compilation events (20 events):
Event: 3.627 Thread 0x0000000141009200 nmethod 8569 0x00000001156ca310 code [0x00000001156ca480, 0x00000001156ca520]
Event: 3.627 Thread 0x0000000141009200 8425       4       org.springframework.core.MethodClassKey::hashCode (30 bytes)
Event: 3.632 Thread 0x000000013380e600 8591   !   2       java.lang.reflect.Executable::declaredAnnotations (85 bytes)
Event: 3.632 Thread 0x000000013380e600 nmethod 8591 0x000000010ebd7a10 code [0x000000010ebd7c40, 0x000000010ebd8238]
Event: 3.632 Thread 0x000000013380e600 8592       2       java.lang.Class::annotationData (44 bytes)
Event: 3.632 Thread 0x000000013380e600 nmethod 8592 0x000000010dca6090 code [0x000000010dca6240, 0x000000010dca64c8]
Event: 3.633 Thread 0x000000013380e600 8593   !   2       jdk.proxy2.$Proxy54::annotationType (29 bytes)
Event: 3.633 Thread 0x000000013380e600 nmethod 8593 0x000000010ebd8610 code [0x000000010ebd8800, 0x000000010ebd8ac8]
Event: 3.633 Thread 0x000000013380e600 8595       2       sun.reflect.annotation.AnnotationParser::parseAnnotation (9 bytes)
Event: 3.633 Thread 0x000000013380e600 nmethod 8595 0x000000010ebd8c90 code [0x000000010ebd8e40, 0x000000010ebd8f98]
Event: 3.633 Thread 0x000000013380e600 8594       2       org.springframework.beans.factory.support.DefaultListableBeanFactory::resolveMultipleBeans (564 bytes)
Event: 3.634 Thread 0x0000000141009200 nmethod 8425 0x000000011539d810 code [0x000000011539da40, 0x000000011539e2f0]
Event: 3.634 Thread 0x0000000141009200 8448       4       org.springframework.util.ReflectionUtils$$Lambda$522/0x0000000300401a28::doWith (11 bytes)
Event: 3.635 Thread 0x000000013380e600 nmethod 8594 0x000000010dbec490 code [0x000000010dbecbc0, 0x000000010dbeef38]
Event: 3.637 Thread 0x0000000133008800 nmethod 8423 0x0000000115410a90 code [0x0000000115411900, 0x000000011541b0e0]
Event: 3.637 Thread 0x0000000133008800 8596   !   4       java.lang.reflect.Field::declaredAnnotations (82 bytes)
Event: 3.638 Thread 0x0000000141009200 nmethod 8448 0x00000001153cdf90 code [0x00000001153ce1c0, 0x00000001153cea60]
Event: 3.638 Thread 0x0000000141009200 8431       4       org.springframework.transaction.interceptor.TransactionAttributeSourcePointcut::matches (26 bytes)
Event: 3.639 Thread 0x000000013380e600 8597       2       org.springframework.core.annotation.AnnotationUtils::isSingleLevelPresent (22 bytes)
Event: 3.639 Thread 0x000000013380e600 nmethod 8597 0x000000010dbeb110 code [0x000000010dbeb2c0, 0x000000010dbeb418]

GC Heap History (20 events):
Event: 0.741 GC heap before
{Heap before GC invocations=6 (full 0):
 garbage-first heap   total 61440K, used 36289K [0x00000005c0000000, 0x00000007c0000000)
  region size 4096K, 8 young (32768K), 1 survivors (4096K)
 Metaspace       used 26020K, committed 26368K, reserved 1073152K
  class space    used 2873K, committed 3008K, reserved 1048576K
}
Event: 0.743 GC heap after
{Heap after GC invocations=7 (full 0):
 garbage-first heap   total 294912K, used 12790K [0x00000005c0000000, 0x00000007c0000000)
  region size 4096K, 1 young (4096K), 1 survivors (4096K)
 Metaspace       used 26020K, committed 26368K, reserved 1073152K
  class space    used 2873K, committed 3008K, reserved 1048576K
}
Event: 1.350 GC heap before
{Heap before GC invocations=7 (full 0):
 garbage-first heap   total 294912K, used 98806K [0x00000005c0000000, 0x00000007c0000000)
  region size 4096K, 23 young (94208K), 1 survivors (4096K)
 Metaspace       used 35551K, committed 35968K, reserved 1081344K
  class space    used 4138K, committed 4352K, reserved 1048576K
}
Event: 1.354 GC heap after
{Heap after GC invocations=8 (full 0):
 garbage-first heap   total 294912K, used 18080K [0x00000005c0000000, 0x00000007c0000000)
  region size 4096K, 2 young (8192K), 2 survivors (8192K)
 Metaspace       used 35551K, committed 35968K, reserved 1081344K
  class space    used 4138K, committed 4352K, reserved 1048576K
}
Event: 1.437 GC heap before
{Heap before GC invocations=9 (full 0):
 garbage-first heap   total 81920K, used 75424K [0x00000005c0000000, 0x00000007c0000000)
  region size 4096K, 17 young (69632K), 2 survivors (8192K)
 Metaspace       used 37726K, committed 38144K, reserved 1089536K
  class space    used 4349K, committed 4544K, reserved 1048576K
}
Event: 1.440 GC heap after
{Heap after GC invocations=10 (full 0):
 garbage-first heap   total 94208K, used 19514K [0x00000005c0000000, 0x00000007c0000000)
  region size 4096K, 3 young (12288K), 3 survivors (12288K)
 Metaspace       used 37726K, committed 38144K, reserved 1089536K
  class space    used 4349K, committed 4544K, reserved 1048576K
}
Event: 1.483 GC heap before
{Heap before GC invocations=10 (full 0):
 garbage-first heap   total 94208K, used 56378K [0x00000005c0000000, 0x00000007c0000000)
  region size 4096K, 13 young (53248K), 3 survivors (12288K)
 Metaspace       used 38436K, committed 38912K, reserved 1089536K
  class space    used 4450K, committed 4672K, reserved 1048576K
}
Event: 1.487 GC heap after
{Heap after GC invocations=11 (full 0):
 garbage-first heap   total 94208K, used 19586K [0x00000005c0000000, 0x00000007c0000000)
  region size 4096K, 1 young (4096K), 1 survivors (4096K)
 Metaspace       used 38436K, committed 38912K, reserved 1089536K
  class space    used 4450K, committed 4672K, reserved 1048576K
}
Event: 1.898 GC heap before
{Heap before GC invocations=11 (full 0):
 garbage-first heap   total 94208K, used 68738K [0x00000005c0000000, 0x00000007c0000000)
  region size 4096K, 13 young (53248K), 1 survivors (4096K)
 Metaspace       used 48939K, committed 49344K, reserved 1097728K
  class space    used 5928K, committed 6144K, reserved 1048576K
}
Event: 1.900 GC heap after
{Heap after GC invocations=12 (full 0):
 garbage-first heap   total 311296K, used 22338K [0x00000005c0000000, 0x00000007c0000000)
  region size 4096K, 2 young (8192K), 2 survivors (8192K)
 Metaspace       used 48939K, committed 49344K, reserved 1097728K
  class space    used 5928K, committed 6144K, reserved 1048576K
}
Event: 2.395 GC heap before
{Heap before GC invocations=12 (full 0):
 garbage-first heap   total 311296K, used 108354K [0x00000005c0000000, 0x00000007c0000000)
  region size 4096K, 24 young (98304K), 2 survivors (8192K)
 Metaspace       used 59863K, committed 60288K, reserved 1105920K
  class space    used 7379K, committed 7616K, reserved 1048576K
}
Event: 2.398 GC heap after
{Heap after GC invocations=13 (full 0):
 garbage-first heap   total 311296K, used 26515K [0x00000005c0000000, 0x00000007c0000000)
  region size 4096K, 3 young (12288K), 3 survivors (12288K)
 Metaspace       used 59863K, committed 60288K, reserved 1105920K
  class space    used 7379K, committed 7616K, reserved 1048576K
}
Event: 2.720 GC heap before
{Heap before GC invocations=14 (full 0):
 garbage-first heap   total 122880K, used 92051K [0x00000005c0000000, 0x00000007c0000000)
  region size 4096K, 19 young (77824K), 3 survivors (12288K)
 Metaspace       used 63544K, committed 64064K, reserved 1105920K
  class space    used 7845K, committed 8128K, reserved 1048576K
}
Event: 2.723 GC heap after
{Heap after GC invocations=15 (full 0):
 garbage-first heap   total 122880K, used 29447K [0x00000005c0000000, 0x00000007c0000000)
  region size 4096K, 2 young (8192K), 2 survivors (8192K)
 Metaspace       used 63544K, committed 64064K, reserved 1105920K
  class space    used 7845K, committed 8128K, reserved 1048576K
}
Event: 3.083 GC heap before
{Heap before GC invocations=15 (full 0):
 garbage-first heap   total 122880K, used 90887K [0x00000005c0000000, 0x00000007c0000000)
  region size 4096K, 17 young (69632K), 2 survivors (8192K)
 Metaspace       used 70936K, committed 71552K, reserved 1114112K
  class space    used 8795K, committed 9088K, reserved 1048576K
}
Event: 3.086 GC heap after
{Heap after GC invocations=16 (full 0):
 garbage-first heap   total 122880K, used 34649K [0x00000005c0000000, 0x00000007c0000000)
  region size 4096K, 2 young (8192K), 2 survivors (8192K)
 Metaspace       used 70936K, committed 71552K, reserved 1114112K
  class space    used 8795K, committed 9088K, reserved 1048576K
}
Event: 3.350 GC heap before
{Heap before GC invocations=16 (full 0):
 garbage-first heap   total 122880K, used 91993K [0x00000005c0000000, 0x00000007c0000000)
  region size 4096K, 16 young (65536K), 2 survivors (8192K)
 Metaspace       used 71777K, committed 72384K, reserved 1114112K
  class space    used 8861K, committed 9152K, reserved 1048576K
}
Event: 3.353 GC heap after
{Heap after GC invocations=17 (full 0):
 garbage-first heap   total 122880K, used 36703K [0x00000005c0000000, 0x00000007c0000000)
  region size 4096K, 1 young (4096K), 1 survivors (4096K)
 Metaspace       used 71777K, committed 72384K, reserved 1114112K
  class space    used 8861K, committed 9152K, reserved 1048576K
}
Event: 3.579 GC heap before
{Heap before GC invocations=17 (full 0):
 garbage-first heap   total 122880K, used 89951K [0x00000005c0000000, 0x00000007c0000000)
  region size 4096K, 14 young (57344K), 1 survivors (4096K)
 Metaspace       used 73814K, committed 74368K, reserved 1122304K
  class space    used 9148K, committed 9408K, reserved 1048576K
}
Event: 3.582 GC heap after
{Heap after GC invocations=18 (full 0):
 garbage-first heap   total 122880K, used 38099K [0x00000005c0000000, 0x00000007c0000000)
  region size 4096K, 1 young (4096K), 1 survivors (4096K)
 Metaspace       used 73814K, committed 74368K, reserved 1122304K
  class space    used 9148K, committed 9408K, reserved 1048576K
}

Deoptimization events (20 events):
Event: 3.601 Thread 0x0000000141033200 Uncommon trap: trap_request=0xffffffde fr.pc=0x00000001152c760c relative=0x000000000000080c
Event: 3.601 Thread 0x0000000141033200 Uncommon trap: reason=class_check action=maybe_recompile pc=0x00000001152c760c method=org.springframework.core.ResolvableType.calculateHashCode()I @ 23 c2
Event: 3.601 Thread 0x0000000141033200 DEOPT PACKING pc=0x00000001152c760c sp=0x000000029146ece0
Event: 3.601 Thread 0x0000000141033200 DEOPT UNPACKING pc=0x000000010d671d9c sp=0x000000029146ec10 mode 2
Event: 3.605 Thread 0x0000000141033200 DEOPT PACKING pc=0x000000010de60950 sp=0x000000029146de40
Event: 3.605 Thread 0x0000000141033200 DEOPT UNPACKING pc=0x000000010d671bfc sp=0x000000029146dbe0 mode 0
Event: 3.610 Thread 0x0000000141033200 Uncommon trap: trap_request=0xffffff45 fr.pc=0x000000011568d350 relative=0x0000000000000ed0
Event: 3.610 Thread 0x0000000141033200 Uncommon trap: reason=unstable_if action=reinterpret pc=0x000000011568d350 method=org.springframework.core.annotation.AnnotationsScanner.processClassHierarchy(Ljava/lang/Object;[ILjava/lang/Class;Lorg/springframework/core/annotation/AnnotationsProcessor;Z
Event: 3.610 Thread 0x0000000141033200 DEOPT PACKING pc=0x000000011568d350 sp=0x0000000291470c00
Event: 3.610 Thread 0x0000000141033200 DEOPT UNPACKING pc=0x000000010d671d9c sp=0x0000000291470ae0 mode 2
Event: 3.632 Thread 0x0000000141033200 DEOPT PACKING pc=0x000000010ebb9f60 sp=0x0000000291471320
Event: 3.632 Thread 0x0000000141033200 DEOPT UNPACKING pc=0x000000010d671bfc sp=0x0000000291471190 mode 3
Event: 3.635 Thread 0x0000000141033200 Uncommon trap: trap_request=0xffffff45 fr.pc=0x00000001152ac3cc relative=0x000000000000014c
Event: 3.635 Thread 0x0000000141033200 Uncommon trap: reason=unstable_if action=reinterpret pc=0x00000001152ac3cc method=java.util.IdentityHashMap.nextKeyIndex(II)I @ 4 c2
Event: 3.635 Thread 0x0000000141033200 DEOPT PACKING pc=0x00000001152ac3cc sp=0x000000029146ee20
Event: 3.635 Thread 0x0000000141033200 DEOPT UNPACKING pc=0x000000010d671d9c sp=0x000000029146ed40 mode 2
Event: 3.635 Thread 0x0000000141033200 Uncommon trap: trap_request=0xffffffc6 fr.pc=0x000000011560c264 relative=0x00000000000001e4
Event: 3.635 Thread 0x0000000141033200 Uncommon trap: reason=bimorphic_or_optimized_type_check action=maybe_recompile pc=0x000000011560c264 method=java.util.stream.ReduceOps$ReduceOp.evaluateSequential(Ljava/util/stream/PipelineHelper;Ljava/util/Spliterator;)Ljava/lang/Object; @ 2 c2
Event: 3.635 Thread 0x0000000141033200 DEOPT PACKING pc=0x000000011560c264 sp=0x000000029146f570
Event: 3.635 Thread 0x0000000141033200 DEOPT UNPACKING pc=0x000000010d671d9c sp=0x000000029146f530 mode 2

Classes unloaded (0 events):
No events

Classes redefined (0 events):
No events

Internal exceptions (20 events):
Event: 3.449 Thread 0x0000000141033200 Exception <a 'java/lang/ClassNotFoundException'{0x00000005c65fbe20}: java/lang/ObjectCustomizer> (0x00000005c65fbe20) 
thrown [src/hotspot/share/classfile/systemDictionary.cpp, line 256]
Event: 3.449 Thread 0x0000000141033200 Exception <a 'java/lang/ClassNotFoundException'{0x00000005c6604188}: org/springframework/security/config/annotation/web/configuration/WebSecurityConfigurationCustomizer> (0x00000005c6604188) 
thrown [src/hotspot/share/classfile/systemDictionary.cpp, line 256]
Event: 3.450 Thread 0x0000000141033200 Exception <a 'java/lang/ClassNotFoundException'{0x00000005c6612fc8}: org/springframework/context/annotation/ImportAwareCustomizer> (0x00000005c6612fc8) 
thrown [src/hotspot/share/classfile/systemDictionary.cpp, line 256]
Event: 3.450 Thread 0x0000000141033200 Exception <a 'java/lang/ClassNotFoundException'{0x00000005c6617f18}: org/springframework/beans/factory/AwareCustomizer> (0x00000005c6617f18) 
thrown [src/hotspot/share/classfile/systemDictionary.cpp, line 256]
Event: 3.450 Thread 0x0000000141033200 Exception <a 'java/lang/ClassNotFoundException'{0x00000005c661c240}: org/springframework/beans/factory/BeanClassLoaderAwareCustomizer> (0x00000005c661c240) 
thrown [src/hotspot/share/classfile/systemDictionary.cpp, line 256]
Event: 3.450 Thread 0x0000000141033200 Exception <a 'java/lang/ClassNotFoundException'{0x00000005c66211a0}: org/springframework/beans/factory/AwareCustomizer> (0x00000005c66211a0) 
thrown [src/hotspot/share/classfile/systemDictionary.cpp, line 256]
Event: 3.458 Thread 0x0000000141033200 Exception <a 'java/lang/NoSuchMethodError'{0x00000005c66d2850}: 'void java.lang.invoke.DirectMethodHandle$Holder.invokeStatic(java.lang.Object)'> (0x00000005c66d2850) 
thrown [src/hotspot/share/interpreter/linkResolver.cpp, line 790]
Event: 3.463 Thread 0x0000000141033200 Implicit null exception at 0x000000011520fbe4 to 0x000000011520fca4
Event: 3.508 Thread 0x0000000141033200 Exception <a 'java/lang/ClassNotFoundException'{0x00000005c5cf0c28}: java/lang/ObjectCustomizer> (0x00000005c5cf0c28) 
thrown [src/hotspot/share/classfile/systemDictionary.cpp, line 256]
Event: 3.508 Thread 0x0000000141033200 Exception <a 'java/lang/ClassNotFoundException'{0x00000005c5cf8b40}: org/springframework/security/config/annotation/web/configuration/HttpSecurityConfigurationCustomizer> (0x00000005c5cf8b40) 
thrown [src/hotspot/share/classfile/systemDictionary.cpp, line 256]
Event: 3.511 Thread 0x0000000141033200 Exception <a 'java/lang/ClassNotFoundException'{0x00000005c5d50fe0}: java/lang/ObjectCustomizer> (0x00000005c5d50fe0) 
thrown [src/hotspot/share/classfile/systemDictionary.cpp, line 256]
Event: 3.511 Thread 0x0000000141033200 Exception <a 'java/lang/ClassNotFoundException'{0x00000005c5d59ad8}: com/cornerfoodmarketwebsite/data/single_table/entity/OrderItemCustomizer> (0x00000005c5d59ad8) 
thrown [src/hotspot/share/classfile/systemDictionary.cpp, line 256]
Event: 3.518 Thread 0x0000000141033200 Exception <a 'java/lang/ClassNotFoundException'{0x00000005c59c1660}: java/lang/ObjectCustomizer> (0x00000005c59c1660) 
thrown [src/hotspot/share/classfile/systemDictionary.cpp, line 256]
Event: 3.518 Thread 0x0000000141033200 Exception <a 'java/lang/ClassNotFoundException'{0x00000005c59ca158}: com/cornerfoodmarketwebsite/data/single_table/entity/FileTypeCustomizer> (0x00000005c59ca158) 
thrown [src/hotspot/share/classfile/systemDictionary.cpp, line 256]
Event: 3.523 Thread 0x0000000141033200 Exception <a 'java/lang/ClassNotFoundException'{0x00000005c5623188}: java/lang/ObjectCustomizer> (0x00000005c5623188) 
thrown [src/hotspot/share/classfile/systemDictionary.cpp, line 256]
Event: 3.524 Thread 0x0000000141033200 Exception <a 'java/lang/ClassNotFoundException'{0x00000005c562bd70}: com/cornerfoodmarketwebsite/data/single_table/entity/PaymentDetailsCustomizer> (0x00000005c562bd70) 
thrown [src/hotspot/share/classfile/systemDictionary.cpp, line 256]
Event: 3.534 Thread 0x0000000141033200 Exception <a 'java/lang/ClassNotFoundException'{0x00000005c4ecb3b8}: java/lang/ObjectCustomizer> (0x00000005c4ecb3b8) 
thrown [src/hotspot/share/classfile/systemDictionary.cpp, line 256]
Event: 3.535 Thread 0x0000000141033200 Exception <a 'java/lang/ClassNotFoundException'{0x00000005c4ed3fd0}: com/cornerfoodmarketwebsite/data/single_table/entity/ShoppingSessionCustomizer> (0x00000005c4ed3fd0) 
thrown [src/hotspot/share/classfile/systemDictionary.cpp, line 256]
Event: 3.604 Thread 0x0000000141033200 Exception <a 'java/lang/NoSuchMethodError'{0x00000005cd4a92b8}: 'void java.lang.invoke.DirectMethodHandle$Holder.invokeVirtual(java.lang.Object, java.lang.Object, int)'> (0x00000005cd4a92b8) 
thrown [src/hotspot/share/interpreter/linkResolver.cpp, line 790]
Event: 3.606 Thread 0x0000000141033200 Exception <a 'java/lang/NoSuchMethodError'{0x00000005cd4c4620}: 'void java.lang.invoke.DirectMethodHandle$Holder.invokeVirtual(java.lang.Object, java.lang.Object, long)'> (0x00000005cd4c4620) 
thrown [src/hotspot/share/interpreter/linkResolver.cpp, line 790]

Events (20 events):
Event: 3.641 loading class org/springframework/web/cors/CorsConfiguration
Event: 3.641 loading class org/springframework/web/cors/CorsConfiguration done
Event: 3.641 Thread 0x000000013380ec00 flushing nmethod 0x000000010e8a4610
Event: 3.642 loading class org/springframework/web/cors/CorsConfiguration$OriginPattern
Event: 3.642 loading class org/springframework/web/cors/CorsConfiguration$OriginPattern done
Event: 3.642 loading class org/springframework/web/servlet/mvc/method/RequestMappingInfoHandlerMapping$HttpOptionsHandler
Event: 3.642 loading class org/springframework/web/servlet/mvc/method/RequestMappingInfoHandlerMapping$HttpOptionsHandler done
Event: 3.643 loading class org/springframework/web/cors/DefaultCorsProcessor
Event: 3.643 loading class org/springframework/web/cors/DefaultCorsProcessor done
Event: 3.643 loading class org/springframework/web/servlet/handler/AbstractHandlerMethodMapping$MappingRegistry
Event: 3.643 loading class org/springframework/web/servlet/handler/AbstractHandlerMethodMapping$MappingRegistry done
Event: 3.643 loading class org/springframework/web/servlet/mvc/method/RequestMappingInfoHandlerMethodMappingNamingStrategy
Event: 3.643 loading class org/springframework/web/servlet/mvc/method/RequestMappingInfoHandlerMethodMappingNamingStrategy done
Event: 3.643 loading class org/springframework/web/servlet/mvc/method/RequestMappingInfo$BuilderConfiguration
Event: 3.643 loading class org/springframework/web/servlet/mvc/method/RequestMappingInfo$BuilderConfiguration done
Event: 3.644 loading class org/springframework/core/OrderComparator$OrderSourceProvider
Event: 3.644 loading class org/springframework/core/OrderComparator$OrderSourceProvider done
Event: 3.644 Executing  VM operation: HandshakeAllThreads
Event: 3.644 Executing  VM operation: HandshakeAllThreads done
Event: 3.644 Executing  VM operation: HandshakeAllThreads


Dynamic libraries:
0x0000000102f94000 	/Users/angelmiguelperalta/Library/Java/JavaVirtualMachines/azul-16.0.2/Contents/Home/lib/libjli.dylib
0x00000001cf7c3000 	/usr/lib/libz.1.dylib
0x00000001cf873000 	/usr/lib/libSystem.B.dylib
0x00000001cf86d000 	/usr/lib/system/libcache.dylib
0x00000001cf82b000 	/usr/lib/system/libcommonCrypto.dylib
0x00000001cf854000 	/usr/lib/system/libcompiler_rt.dylib
0x00000001cf84b000 	/usr/lib/system/libcopyfile.dylib
0x00000001c4bb6000 	/usr/lib/system/libcorecrypto.dylib
0x00000001c4c5b000 	/usr/lib/system/libdispatch.dylib
0x00000001c4e23000 	/usr/lib/system/libdyld.dylib
0x00000001cf863000 	/usr/lib/system/libkeymgr.dylib
0x00000001cf80d000 	/usr/lib/system/libmacho.dylib
0x00000001cef11000 	/usr/lib/system/libquarantine.dylib
0x00000001cf860000 	/usr/lib/system/libremovefile.dylib
0x00000001c9fb2000 	/usr/lib/system/libsystem_asl.dylib
0x00000001c4b60000 	/usr/lib/system/libsystem_blocks.dylib
0x00000001c4ce1000 	/usr/lib/system/libsystem_c.dylib
0x00000001cf858000 	/usr/lib/system/libsystem_collections.dylib
0x00000001ce3d0000 	/usr/lib/system/libsystem_configuration.dylib
0x00000001cd654000 	/usr/lib/system/libsystem_containermanager.dylib
0x00000001cf574000 	/usr/lib/system/libsystem_coreservices.dylib
0x00000001c7547000 	/usr/lib/system/libsystem_darwin.dylib
0x00000001cf864000 	/usr/lib/system/libsystem_dnssd.dylib
0x00000001c4cde000 	/usr/lib/system/libsystem_featureflags.dylib
0x00000001c4e38000 	/usr/lib/system/libsystem_info.dylib
0x00000001cf7d5000 	/usr/lib/system/libsystem_m.dylib
0x00000001c4c30000 	/usr/lib/system/libsystem_malloc.dylib
0x00000001c9f43000 	/usr/lib/system/libsystem_networkextension.dylib
0x00000001c799b000 	/usr/lib/system/libsystem_notify.dylib
0x00000001d5a79000 	/usr/lib/system/libsystem_product_info_filter.dylib
0x00000001ce3d5000 	/usr/lib/system/libsystem_sandbox.dylib
0x00000001cf85d000 	/usr/lib/system/libsystem_secinit.dylib
0x00000001c4de0000 	/usr/lib/system/libsystem_kernel.dylib
0x00000001c4e30000 	/usr/lib/system/libsystem_platform.dylib
0x00000001c4e16000 	/usr/lib/system/libsystem_pthread.dylib
0x00000001cb6ec000 	/usr/lib/system/libsystem_symptoms.dylib
0x00000001c4b9c000 	/usr/lib/system/libsystem_trace.dylib
0x00000001cf838000 	/usr/lib/system/libunwind.dylib
0x00000001c4b62000 	/usr/lib/system/libxpc.dylib
0x00000001c4dc6000 	/usr/lib/libc++abi.dylib
0x00000001c4ca2000 	/usr/lib/libobjc.A.dylib
0x00000001cf843000 	/usr/lib/liboah.dylib
0x00000001c4d62000 	/usr/lib/libc++.1.dylib
0x00000001db474000 	/System/Library/Frameworks/Cocoa.framework/Versions/A/Cocoa
0x00000001c79fb000 	/System/Library/Frameworks/AppKit.framework/Versions/C/AppKit
0x00000001caf2b000 	/System/Library/Frameworks/CoreData.framework/Versions/A/CoreData
0x00000001c5d58000 	/System/Library/Frameworks/Foundation.framework/Versions/C/Foundation
0x00000001c88af000 	/System/Library/PrivateFrameworks/UIFoundation.framework/Versions/A/UIFoundation
0x00000001d5773000 	/System/Library/PrivateFrameworks/RemoteViewServices.framework/Versions/A/RemoteViewServices
0x00000001cdd8e000 	/System/Library/PrivateFrameworks/XCTTargetBootstrap.framework/Versions/A/XCTTargetBootstrap
0x00000001d1574000 	/System/Library/PrivateFrameworks/InternationalSupport.framework/Versions/A/InternationalSupport
0x00000001d15fd000 	/System/Library/PrivateFrameworks/UserActivity.framework/Versions/A/UserActivity
0x00000001d0aa2000 	/usr/lib/libspindump.dylib
0x00000001c8b1f000 	/System/Library/Frameworks/UniformTypeIdentifiers.framework/Versions/A/UniformTypeIdentifiers
0x00000001cc31b000 	/usr/lib/libapp_launch_measurement.dylib
0x00000001cb893000 	/System/Library/PrivateFrameworks/CoreAnalytics.framework/Versions/A/CoreAnalytics
0x00000001cc31e000 	/System/Library/PrivateFrameworks/CoreAutoLayout.framework/Versions/A/CoreAutoLayout
0x00000001cd691000 	/System/Library/Frameworks/Metal.framework/Versions/A/Metal
0x00000001ce3e0000 	/usr/lib/liblangid.dylib
0x00000001cdd92000 	/System/Library/PrivateFrameworks/CoreSVG.framework/Versions/A/CoreSVG
0x00000001c9fe6000 	/System/Library/PrivateFrameworks/SkyLight.framework/Versions/A/SkyLight
0x00000001ca3b0000 	/System/Library/Frameworks/CoreGraphics.framework/Versions/A/CoreGraphics
0x00000001d5df0000 	/System/Library/Frameworks/Accelerate.framework/Versions/A/Accelerate
0x00000001d0516000 	/System/Library/PrivateFrameworks/IconServices.framework/Versions/A/IconServices
0x00000001cd673000 	/System/Library/Frameworks/IOSurface.framework/Versions/A/IOSurface
0x00000001cb8c3000 	/usr/lib/libDiagnosticMessagesClient.dylib
0x00000001d9237000 	/System/Library/Frameworks/ApplicationServices.framework/Versions/A/ApplicationServices
0x00000001cdd76000 	/System/Library/PrivateFrameworks/DFRFoundation.framework/Versions/A/DFRFoundation
0x00000001c729c000 	/usr/lib/libicucore.A.dylib
0x00000001d2375000 	/System/Library/Frameworks/AudioToolbox.framework/Versions/A/AudioToolbox
0x00000001d1580000 	/System/Library/PrivateFrameworks/DataDetectorsCore.framework/Versions/A/DataDetectorsCore
0x00000001e76b2000 	/System/Library/PrivateFrameworks/TextInput.framework/Versions/A/TextInput
0x00000001c9f5d000 	/usr/lib/libMobileGestalt.dylib
0x00000001cda46000 	/System/Library/Frameworks/Carbon.framework/Versions/A/Frameworks/HIToolbox.framework/Versions/A/HIToolbox
0x00000001cbd24000 	/System/Library/Frameworks/QuartzCore.framework/Versions/A/QuartzCore
0x00000001c6f19000 	/System/Library/Frameworks/Security.framework/Versions/A/Security
0x00000001d57b3000 	/System/Library/Frameworks/Carbon.framework/Versions/A/Frameworks/SpeechRecognition.framework/Versions/A/SpeechRecognition
0x00000001cc072000 	/System/Library/PrivateFrameworks/CoreUI.framework/Versions/A/CoreUI
0x00000001c67ea000 	/System/Library/Frameworks/CoreAudio.framework/Versions/A/CoreAudio
0x00000001cb9b7000 	/System/Library/Frameworks/DiskArbitration.framework/Versions/A/DiskArbitration
0x00000001d0e87000 	/System/Library/PrivateFrameworks/MultitouchSupport.framework/Versions/A/MultitouchSupport
0x00000001c9f5b000 	/usr/lib/libenergytrace.dylib
0x00000001c78c5000 	/System/Library/Frameworks/IOKit.framework/Versions/A/IOKit
0x00000001d5b9c000 	/System/Library/Frameworks/CoreServices.framework/Versions/A/CoreServices
0x00000001cc2ab000 	/System/Library/PrivateFrameworks/PerformanceAnalysis.framework/Versions/A/PerformanceAnalysis
0x0000000226225000 	/System/Library/Frameworks/OpenGL.framework/Versions/A/OpenGL
0x00000001cee31000 	/System/Library/PrivateFrameworks/MobileKeyBag.framework/Versions/A/MobileKeyBag
0x00000001ca9c0000 	/System/Library/Frameworks/ColorSync.framework/Versions/A/ColorSync
0x00000001c4e64000 	/System/Library/Frameworks/CoreFoundation.framework/Versions/A/CoreFoundation
0x00000001ce013000 	/System/Library/Frameworks/CoreImage.framework/Versions/A/CoreImage
0x00000001c660d000 	/System/Library/Frameworks/CoreText.framework/Versions/A/CoreText
0x00000001cddc2000 	/System/Library/Frameworks/ImageIO.framework/Versions/A/ImageIO
0x00000001cf879000 	/System/Library/PrivateFrameworks/SoftLinking.framework/Versions/A/SoftLinking
0x00000001cc368000 	/usr/lib/libxml2.2.dylib
0x00000001cfb12000 	/usr/lib/libcompression.dylib
0x00000001d14cd000 	/System/Library/PrivateFrameworks/TextureIO.framework/Versions/A/TextureIO
0x00000001d0230000 	/usr/lib/libate.dylib
0x00000001d00f8000 	/usr/lib/liblzma.5.dylib
0x00000001c5a4c000 	/System/Library/Frameworks/SystemConfiguration.framework/Versions/A/SystemConfiguration
0x00000001cf875000 	/usr/lib/libfakelink.dylib
0x00000001c9a8a000 	/System/Library/Frameworks/CFNetwork.framework/Versions/A/CFNetwork
0x00000001cf9bc000 	/usr/lib/libarchive.2.dylib
0x00000001ce3dc000 	/System/Library/PrivateFrameworks/AppleSystemInfo.framework/Versions/A/AppleSystemInfo
0x00000001cef3c000 	/usr/lib/libbsm.0.dylib
0x00000001c8fc2000 	/usr/lib/libnetwork.dylib
0x00000001cf813000 	/usr/lib/system/libkxld.dylib
0x00000001ceb53000 	/System/Library/PrivateFrameworks/IOMobileFramebuffer.framework/Versions/A/IOMobileFramebuffer
0x0000000241f8a000 	/usr/lib/libCoreEntitlements.dylib
0x00000001cf556000 	/System/Library/PrivateFrameworks/AppleFSCompression.framework/Versions/A/AppleFSCompression
0x00000001cef24000 	/usr/lib/libcoretls.dylib
0x00000001d0111000 	/usr/lib/libcoretls_cfhelpers.dylib
0x00000001cfb0d000 	/usr/lib/libpam.2.dylib
0x00000001cb314000 	/usr/lib/libsqlite3.dylib
0x00000001d0179000 	/usr/lib/libxar.1.dylib
0x00000001cf567000 	/usr/lib/libbz2.1.0.dylib
0x00000001cf87a000 	/usr/lib/libpcap.A.dylib
0x00000001cb6e3000 	/usr/lib/libdns_services.dylib
0x00000001cfae0000 	/usr/lib/libapple_nghttp2.dylib
0x00000001cf8b7000 	/usr/lib/libiconv.2.dylib
0x00000001cf80c000 	/usr/lib/libcharset.1.dylib
0x00000001cc2e7000 	/System/Library/Frameworks/CoreServices.framework/Versions/A/Frameworks/FSEvents.framework/Versions/A/FSEvents
0x00000001c7552000 	/System/Library/Frameworks/CoreServices.framework/Versions/A/Frameworks/CarbonCore.framework/Versions/A/CarbonCore
0x00000001cb91a000 	/System/Library/Frameworks/CoreServices.framework/Versions/A/Frameworks/Metadata.framework/Versions/A/Metadata
0x00000001cf57a000 	/System/Library/Frameworks/CoreServices.framework/Versions/A/Frameworks/OSServices.framework/Versions/A/OSServices
0x00000001cfa42000 	/System/Library/Frameworks/CoreServices.framework/Versions/A/Frameworks/SearchKit.framework/Versions/A/SearchKit
0x00000001cb671000 	/System/Library/Frameworks/CoreServices.framework/Versions/A/Frameworks/AE.framework/Versions/A/AE
0x00000001c53a8000 	/System/Library/Frameworks/CoreServices.framework/Versions/A/Frameworks/LaunchServices.framework/Versions/A/LaunchServices
0x00000001d00a1000 	/System/Library/Frameworks/CoreServices.framework/Versions/A/Frameworks/DictionaryServices.framework/Versions/A/DictionaryServices
0x00000001cc2f4000 	/System/Library/Frameworks/CoreServices.framework/Versions/A/Frameworks/SharedFileList.framework/Versions/A/SharedFileList
0x00000001cef14000 	/usr/lib/libCheckFix.dylib
0x00000001c9fca000 	/System/Library/PrivateFrameworks/TCC.framework/Versions/A/TCC
0x00000001ce3e2000 	/System/Library/PrivateFrameworks/CoreNLP.framework/Versions/A/CoreNLP
0x00000001cb8c6000 	/System/Library/PrivateFrameworks/MetadataUtilities.framework/Versions/A/MetadataUtilities
0x00000001c5b05000 	/usr/lib/libmecabra.dylib
0x00000001cef4d000 	/usr/lib/libmecab.dylib
0x00000001c5ad1000 	/usr/lib/libCRFSuite.dylib
0x00000001cefab000 	/usr/lib/libgermantok.dylib
0x00000001cfab9000 	/usr/lib/libThaiTokenizer.dylib
0x00000001cb9bf000 	/System/Library/Frameworks/Accelerate.framework/Versions/A/Frameworks/vImage.framework/Versions/A/vImage
0x00000001d5b73000 	/System/Library/Frameworks/Accelerate.framework/Versions/A/Frameworks/vecLib.framework/Versions/A/vecLib
0x00000001d01bd000 	/System/Library/Frameworks/Accelerate.framework/Versions/A/Frameworks/vecLib.framework/Versions/A/libvMisc.dylib
0x00000001cea5d000 	/System/Library/Frameworks/Accelerate.framework/Versions/A/Frameworks/vecLib.framework/Versions/A/libvDSP.dylib
0x00000001c572b000 	/System/Library/Frameworks/Accelerate.framework/Versions/A/Frameworks/vecLib.framework/Versions/A/libBLAS.dylib
0x00000001cfbe1000 	/System/Library/Frameworks/Accelerate.framework/Versions/A/Frameworks/vecLib.framework/Versions/A/libLAPACK.dylib
0x00000001cefae000 	/System/Library/Frameworks/Accelerate.framework/Versions/A/Frameworks/vecLib.framework/Versions/A/libLinearAlgebra.dylib
0x00000001cfaf8000 	/System/Library/Frameworks/Accelerate.framework/Versions/A/Frameworks/vecLib.framework/Versions/A/libSparseBLAS.dylib
0x00000001cfbdc000 	/System/Library/Frameworks/Accelerate.framework/Versions/A/Frameworks/vecLib.framework/Versions/A/libQuadrature.dylib
0x00000001ce4d9000 	/System/Library/Frameworks/Accelerate.framework/Versions/A/Frameworks/vecLib.framework/Versions/A/libBNNS.dylib
0x00000001c59e9000 	/System/Library/Frameworks/Accelerate.framework/Versions/A/Frameworks/vecLib.framework/Versions/A/libSparse.dylib
0x00000001ce4d1000 	/System/Library/PrivateFrameworks/LinguisticData.framework/Versions/A/LinguisticData
0x00000001c599f000 	/System/Library/PrivateFrameworks/Lexicon.framework/Versions/A/Lexicon
0x00000001d01b5000 	/usr/lib/libChineseTokenizer.dylib
0x00000001c6146000 	/System/Library/PrivateFrameworks/LanguageModeling.framework/Versions/A/LanguageModeling
0x00000001cfabb000 	/System/Library/PrivateFrameworks/AppleSauce.framework/Versions/A/AppleSauce
0x00000001ceb40000 	/System/Library/PrivateFrameworks/CoreEmoji.framework/Versions/A/CoreEmoji
0x00000001cf9aa000 	/usr/lib/libcmph.dylib
0x00000001cc2c7000 	/System/Library/Frameworks/OpenDirectory.framework/Versions/A/Frameworks/CFOpenDirectory.framework/Versions/A/CFOpenDirectory
0x00000001cc2b7000 	/System/Library/Frameworks/OpenDirectory.framework/Versions/A/OpenDirectory
0x00000001d0113000 	/System/Library/PrivateFrameworks/APFS.framework/Versions/A/APFS
0x00000001cee6c000 	/System/Library/Frameworks/SecurityFoundation.framework/Versions/A/SecurityFoundation
0x00000001d0187000 	/usr/lib/libutil.dylib
0x00000001c7887000 	/System/Library/PrivateFrameworks/CoreServicesStore.framework/Versions/A/CoreServicesStore
0x00000001d018b000 	/usr/lib/libxslt.1.dylib
0x00000001cef00000 	/System/Library/PrivateFrameworks/BackgroundTaskManagement.framework/Versions/A/BackgroundTaskManagement
0x00000001d13ee000 	/System/Library/Frameworks/ImageIO.framework/Versions/A/Resources/libRadiance.dylib
0x00000001d13f7000 	/System/Library/Frameworks/ImageIO.framework/Versions/A/Resources/libJPEG.dylib
0x00000001d1349000 	/System/Library/Frameworks/ImageIO.framework/Versions/A/Resources/libPng.dylib
0x00000001d136b000 	/System/Library/Frameworks/ImageIO.framework/Versions/A/Resources/libTIFF.dylib
0x00000001d1452000 	/System/Library/Frameworks/ImageIO.framework/Versions/A/Resources/libGIF.dylib
0x00000001d0d97000 	/System/Library/Frameworks/ImageIO.framework/Versions/A/Resources/libJP2.dylib
0x00000001d04dc000 	/usr/lib/libexpat.1.dylib
0x00000001d0d52000 	/System/Library/PrivateFrameworks/AppleJPEG.framework/Versions/A/AppleJPEG
0x00000001cd905000 	/System/Library/PrivateFrameworks/FontServices.framework/libFontParser.dylib
0x00000001cb616000 	/System/Library/PrivateFrameworks/RunningBoardServices.framework/Versions/A/RunningBoardServices
0x00000001dbae7000 	/System/Library/PrivateFrameworks/IOSurfaceAccelerator.framework/Versions/A/IOSurfaceAccelerator
0x00000001d0e83000 	/System/Library/PrivateFrameworks/WatchdogClient.framework/Versions/A/WatchdogClient
0x00000001c624a000 	/System/Library/Frameworks/CoreDisplay.framework/Versions/A/CoreDisplay
0x00000001cd7f3000 	/System/Library/Frameworks/CoreMedia.framework/Versions/A/CoreMedia
0x00000001cd687000 	/System/Library/PrivateFrameworks/IOAccelerator.framework/Versions/A/IOAccelerator
0x00000001cc455000 	/System/Library/Frameworks/CoreVideo.framework/Versions/A/CoreVideo
0x00000001cfb0b000 	/System/Library/Frameworks/MetalPerformanceShaders.framework/Versions/A/MetalPerformanceShaders
0x00000001d0ec0000 	/System/Library/Frameworks/VideoToolbox.framework/Versions/A/VideoToolbox
0x00000001cb55a000 	/System/Library/PrivateFrameworks/BaseBoard.framework/Versions/A/BaseBoard
0x00000001cb2f9000 	/System/Library/PrivateFrameworks/ProtocolBuffer.framework/Versions/A/ProtocolBuffer
0x00000001d13e9000 	/System/Library/PrivateFrameworks/GPUWrangler.framework/Versions/A/GPUWrangler
0x00000001d13c8000 	/System/Library/PrivateFrameworks/IOPresentment.framework/Versions/A/IOPresentment
0x00000001d13f1000 	/System/Library/PrivateFrameworks/DSExternalDisplay.framework/Versions/A/DSExternalDisplay
0x0000000226218000 	/System/Library/Frameworks/OpenGL.framework/Versions/A/Libraries/libCoreFSCache.dylib
0x000000022f9d9000 	/System/Library/PrivateFrameworks/GPUCompiler.framework/Versions/31001/Libraries/libGPUCompilerUtils.dylib
0x00000001d1457000 	/System/Library/PrivateFrameworks/CMCaptureCore.framework/Versions/A/CMCaptureCore
0x00000001d0a90000 	/System/Library/PrivateFrameworks/AppServerSupport.framework/Versions/A/AppServerSupport
0x00000001d2c30000 	/System/Library/PrivateFrameworks/perfdata.framework/Versions/A/perfdata
0x00000001c636a000 	/System/Library/PrivateFrameworks/AudioToolboxCore.framework/Versions/A/AudioToolboxCore
0x00000001cd7cb000 	/System/Library/PrivateFrameworks/caulk.framework/Versions/A/caulk
0x00000001d2525000 	/usr/lib/libAudioStatistics.dylib
0x00000001e3e2b000 	/System/Library/PrivateFrameworks/SystemPolicy.framework/Versions/A/SystemPolicy
0x00000001d2785000 	/usr/lib/libSMC.dylib
0x00000001db356000 	/System/Library/Frameworks/CoreMIDI.framework/Versions/A/CoreMIDI
0x00000001d1317000 	/usr/lib/libAudioToolboxUtility.dylib
0x00000001e0264000 	/System/Library/PrivateFrameworks/OSAServicesClient.framework/Versions/A/OSAServicesClient
0x00000001d2c3d000 	/usr/lib/libperfcheck.dylib
0x00000001e492e000 	/usr/lib/libmis.dylib
0x0000000226279000 	/System/Library/Frameworks/OpenGL.framework/Versions/A/Libraries/libGLU.dylib
0x0000000226238000 	/System/Library/Frameworks/OpenGL.framework/Versions/A/Libraries/libGFXShared.dylib
0x0000000226422000 	/System/Library/Frameworks/OpenGL.framework/Versions/A/Libraries/libGL.dylib
0x0000000226241000 	/System/Library/Frameworks/OpenGL.framework/Versions/A/Libraries/libGLImage.dylib
0x0000000226235000 	/System/Library/Frameworks/OpenGL.framework/Versions/A/Libraries/libCVMSPluginSupport.dylib
0x000000022621f000 	/System/Library/Frameworks/OpenGL.framework/Versions/A/Libraries/libCoreVMClient.dylib
0x00000001ce35d000 	/System/Library/Frameworks/MetalPerformanceShaders.framework/Versions/A/Frameworks/MPSCore.framework/Versions/A/MPSCore
0x00000001cf4c9000 	/System/Library/Frameworks/MetalPerformanceShaders.framework/Versions/A/Frameworks/MPSImage.framework/Versions/A/MPSImage
0x00000001cefc3000 	/System/Library/Frameworks/MetalPerformanceShaders.framework/Versions/A/Frameworks/MPSNeuralNetwork.framework/Versions/A/MPSNeuralNetwork
0x00000001cf400000 	/System/Library/Frameworks/MetalPerformanceShaders.framework/Versions/A/Frameworks/MPSMatrix.framework/Versions/A/MPSMatrix
0x00000001cf1db000 	/System/Library/Frameworks/MetalPerformanceShaders.framework/Versions/A/Frameworks/MPSRayIntersector.framework/Versions/A/MPSRayIntersector
0x00000001cf431000 	/System/Library/Frameworks/MetalPerformanceShaders.framework/Versions/A/Frameworks/MPSNDArray.framework/Versions/A/MPSNDArray
0x0000000227f4f000 	/System/Library/Frameworks/MetalPerformanceShaders.framework/Versions/A/Frameworks/MPSFunctions.framework/Versions/A/MPSFunctions
0x00000001c5609000 	/System/Library/PrivateFrameworks/MetalTools.framework/Versions/A/MetalTools
0x00000001ce3da000 	/System/Library/PrivateFrameworks/AggregateDictionary.framework/Versions/A/AggregateDictionary
0x00000001d02c2000 	/usr/lib/libIOReport.dylib
0x00000001da33d000 	/System/Library/PrivateFrameworks/ASEProcessing.framework/Versions/A/ASEProcessing
0x00000001d0635000 	/System/Library/PrivateFrameworks/FaceCore.framework/Versions/A/FaceCore
0x00000001d0627000 	/System/Library/PrivateFrameworks/GraphVisualizer.framework/Versions/A/GraphVisualizer
0x000000022f8f0000 	/System/Library/PrivateFrameworks/FontServices.framework/Versions/A/FontServices
0x00000001d0a4a000 	/System/Library/PrivateFrameworks/OTSVG.framework/Versions/A/OTSVG
0x00000001cc023000 	/System/Library/Frameworks/ApplicationServices.framework/Versions/A/Frameworks/ATS.framework/Versions/A/Resources/libFontRegistry.dylib
0x00000001d0a99000 	/System/Library/PrivateFrameworks/FontServices.framework/libhvf.dylib
0x000000022f8f1000 	/System/Library/PrivateFrameworks/FontServices.framework/libXTFontStaticRegistryData.dylib
0x00000002265c4000 	/System/Library/Frameworks/OpenCL.framework/Versions/A/OpenCL
0x00000001d0490000 	/System/Library/PrivateFrameworks/AppleVA.framework/Versions/A/AppleVA
0x00000001d254d000 	/System/Library/Frameworks/ApplicationServices.framework/Versions/A/Frameworks/ATS.framework/Versions/A/ATS
0x00000001caabd000 	/System/Library/Frameworks/ApplicationServices.framework/Versions/A/Frameworks/HIServices.framework/Versions/A/HIServices
0x00000001d1461000 	/System/Library/Frameworks/ApplicationServices.framework/Versions/A/Frameworks/PrintCore.framework/Versions/A/PrintCore
0x00000001d28d8000 	/System/Library/Frameworks/ApplicationServices.framework/Versions/A/Frameworks/QD.framework/Versions/A/QD
0x00000001d28d0000 	/System/Library/Frameworks/ApplicationServices.framework/Versions/A/Frameworks/ColorSyncLegacy.framework/Versions/A/ColorSyncLegacy
0x00000001d2539000 	/System/Library/Frameworks/ApplicationServices.framework/Versions/A/Frameworks/SpeechSynthesis.framework/Versions/A/SpeechSynthesis
0x00000001d1422000 	/System/Library/Frameworks/ApplicationServices.framework/Versions/A/Frameworks/ATSUI.framework/Versions/A/ATSUI
0x00000001d2865000 	/usr/lib/libcups.2.dylib
0x00000001d2c4b000 	/System/Library/Frameworks/Kerberos.framework/Versions/A/Kerberos
0x00000001d2c5c000 	/System/Library/Frameworks/GSS.framework/Versions/A/GSS
0x00000001d25bc000 	/usr/lib/libresolv.9.dylib
0x00000001d0aa7000 	/System/Library/PrivateFrameworks/Heimdal.framework/Versions/A/Heimdal
0x00000001d95ad000 	/System/Library/Frameworks/Kerberos.framework/Versions/A/Libraries/libHeimdalProxy.dylib
0x00000001cb6f5000 	/System/Library/Frameworks/Network.framework/Versions/A/Network
0x00000001d04f7000 	/usr/lib/libheimdal-asn1.dylib
0x00000001d2ca2000 	/System/Library/PrivateFrameworks/CommonAuth.framework/Versions/A/CommonAuth
0x00000001d24b3000 	/System/Library/PrivateFrameworks/AudioSession.framework/Versions/A/AudioSession
0x00000001d0588000 	/System/Library/PrivateFrameworks/MediaExperience.framework/Versions/A/MediaExperience
0x00000001d233b000 	/System/Library/PrivateFrameworks/AudioSession.framework/libSessionUtility.dylib
0x00000001d28e4000 	/System/Library/PrivateFrameworks/AudioResourceArbitration.framework/Versions/A/AudioResourceArbitration
0x00000001d69ef000 	/System/Library/PrivateFrameworks/PowerLog.framework/Versions/A/PowerLog
0x00000001d0500000 	/System/Library/PrivateFrameworks/IconFoundation.framework/Versions/A/IconFoundation
0x00000001d579f000 	/System/Library/PrivateFrameworks/SpeechRecognitionCore.framework/Versions/A/SpeechRecognitionCore
0x0000000103ec8000 	/Users/angelmiguelperalta/Library/Java/JavaVirtualMachines/azul-16.0.2/Contents/Home/lib/server/libjvm.dylib
0x0000000102fe0000 	/Users/angelmiguelperalta/Library/Java/JavaVirtualMachines/azul-16.0.2/Contents/Home/lib/libjimage.dylib
0x000000010303c000 	/Users/angelmiguelperalta/Library/Java/JavaVirtualMachines/azul-16.0.2/Contents/Home/lib/libjdwp.dylib
0x0000000103084000 	/Users/angelmiguelperalta/Library/Java/JavaVirtualMachines/azul-16.0.2/Contents/Home/lib/libjava.dylib
0x000000010300c000 	/Users/angelmiguelperalta/Library/Java/JavaVirtualMachines/azul-16.0.2/Contents/Home/lib/libinstrument.dylib
0x0000000103358000 	/Users/angelmiguelperalta/Library/Java/JavaVirtualMachines/azul-16.0.2/Contents/Home/lib/libdt_socket.dylib
0x0000000103384000 	/Users/angelmiguelperalta/Library/Java/JavaVirtualMachines/azul-16.0.2/Contents/Home/lib/libzip.dylib
0x00000001033bc000 	/Users/angelmiguelperalta/Library/Java/JavaVirtualMachines/azul-16.0.2/Contents/Home/lib/libnio.dylib
0x0000000103800000 	/Users/angelmiguelperalta/Library/Java/JavaVirtualMachines/azul-16.0.2/Contents/Home/lib/libnet.dylib
0x00000001033dc000 	/Users/angelmiguelperalta/Library/Java/JavaVirtualMachines/azul-16.0.2/Contents/Home/lib/libverify.dylib
0x000000010339c000 	/Users/angelmiguelperalta/Library/Java/JavaVirtualMachines/azul-16.0.2/Contents/Home/lib/libmanagement.dylib
0x0000000103824000 	/Users/angelmiguelperalta/Library/Java/JavaVirtualMachines/azul-16.0.2/Contents/Home/lib/libmanagement_ext.dylib
0x0000000103838000 	/Users/angelmiguelperalta/Library/Java/JavaVirtualMachines/azul-16.0.2/Contents/Home/lib/libextnet.dylib


VM Arguments:
jvm_args: -agentlib:jdwp=transport=dt_socket,address=127.0.0.1:57119,suspend=y,server=n -javaagent:/Users/angelmiguelperalta/Library/Caches/JetBrains/IdeaIC2021.2/captureAgent/debugger-agent.jar -Dfile.encoding=UTF-8 
java_command: com.cornerfoodmarketwebsite.CornerFoodMarketWebsiteApplication
java_class_path (initial): /Volumes/PESS/Documents/PSU/IST 311/Project/APP/corner-food-market-website/corner-food-market-website/target/classes:/Users/angelmiguelperalta/.m2/repository/org/springframework/boot/spring-boot-starter-thymeleaf/2.5.0/spring-boot-starter-thymeleaf-2.5.0.jar:/Users/angelmiguelperalta/.m2/repository/org/thymeleaf/thymeleaf-spring5/3.0.12.RELEASE/thymeleaf-spring5-3.0.12.RELEASE.jar:/Users/angelmiguelperalta/.m2/repository/org/thymeleaf/thymeleaf/3.0.12.RELEASE/thymeleaf-3.0.12.RELEASE.jar:/Users/angelmiguelperalta/.m2/repository/org/attoparser/attoparser/2.0.5.RELEASE/attoparser-2.0.5.RELEASE.jar:/Users/angelmiguelperalta/.m2/repository/org/unbescape/unbescape/1.1.6.RELEASE/unbescape-1.1.6.RELEASE.jar:/Users/angelmiguelperalta/.m2/repository/org/thymeleaf/extras/thymeleaf-extras-java8time/3.0.4.RELEASE/thymeleaf-extras-java8time-3.0.4.RELEASE.jar:/Users/angelmiguelperalta/.m2/repository/org/springframework/boot/spring-boot-starter-web/2.5.0/spring-boot-starter-web-2.5.0.jar:/Users/angelmiguelperalta/.m2/repository/org/springframework/boot/spring-boot-starter-json/2.5.0/spring-boot-starter-json-2.5.0.jar:/Users/angelmiguelperalta/.m2/repository/com/fasterxml/jackson/datatype/jackson-datatype-jdk8/2.12.3/jackson-datatype-jdk8-2.12.3.jar:/Users/angelmiguelperalta/.m2/repository/com/fasterxml/jackson/module/jackson-module-parameter-names/2.12.3/jackson-module-parameter-names-2.12.3.jar:/Users/angelmiguelperalta/.m2/repository/org/springframework/boot/spring-boot-starter-tomcat/2.5.0/spring-boot-starter-tomcat-2.5.0.jar:/Users/angelmiguelperalta/.m2/repository/org/apache/tomcat/embed/tomcat-embed-core/9.0.46/tomcat-embed-core-9.0.46.jar:/Users/angelmiguelperalta/.m2/repository/org/apache/tomcat/embed/tomcat-embed-el/9.0.46/tomcat-embed-el-9.0.46.jar:/Users/angelmiguelperalta/.m2/repository/org/apache/tomcat/embed/tomcat-embed-websocket/9.0.46/tomcat-embed-websocket-9.0.46.jar:/Users/angelmiguelperalta/.m2/repository/org/springframework/spring-
Launcher Type: SUN_STANDARD

[Global flags]
     intx CICompilerCount                          = 4                                         {product} {ergonomic}
     uint ConcGCThreads                            = 2                                         {product} {ergonomic}
     uint G1ConcRefinementThreads                  = 9                                         {product} {ergonomic}
   size_t G1HeapRegionSize                         = 4194304                                   {product} {ergonomic}
    uintx GCDrainStackTargetSize                   = 64                                        {product} {ergonomic}
   size_t InitialHeapSize                          = 536870912                                 {product} {ergonomic}
   size_t MarkStackSize                            = 4194304                                   {product} {ergonomic}
   size_t MaxHeapSize                              = 8589934592                                {product} {ergonomic}
   size_t MaxNewSize                               = 5150605312                                {product} {ergonomic}
   size_t MinHeapDeltaBytes                        = 4194304                                   {product} {ergonomic}
   size_t MinHeapSize                              = 8388608                                   {product} {ergonomic}
    uintx NonNMethodCodeHeapSize                   = 5839564                                {pd product} {ergonomic}
    uintx NonProfiledCodeHeapSize                  = 122909338                              {pd product} {ergonomic}
    uintx ProfiledCodeHeapSize                     = 122909338                              {pd product} {ergonomic}
    uintx ReservedCodeCacheSize                    = 251658240                              {pd product} {ergonomic}
     bool SegmentedCodeCache                       = true                                      {product} {ergonomic}
   size_t SoftMaxHeapSize                          = 8589934592                             {manageable} {ergonomic}
     bool UseCompressedClassPointers               = true                           {product lp64_product} {ergonomic}
     bool UseCompressedOops                        = true                           {product lp64_product} {ergonomic}
     bool UseG1GC                                  = true                                      {product} {ergonomic}
     bool UseNUMA                                  = false                                     {product} {ergonomic}
     bool UseNUMAInterleaving                      = false                                     {product} {ergonomic}

Logging:
Log output configuration:
 #0: stdout all=warning uptime,level,tags
 #1: stderr all=off uptime,level,tags

Environment Variables:
PATH=/Users/angelmiguelperalta/google-cloud-sdk/bin:/opt/homebrew/bin:/Applications/apache-maven-3.8.4/bin:/Library/PostgreSQL/14/bin:/Library/Frameworks/Python.framework/Versions/3.7/bin:/usr/local/bin:/usr/bin:/bin:/usr/sbin:/sbin
SHELL=/bin/zsh
LC_CTYPE=en_US.UTF-8

Signal Handlers:
SIGSEGV: [libjvm.dylib+0x9ace44], sa_mask[0]=11100110000111110111111111111111, sa_flags=SA_ONSTACK|SA_RESTART|SA_SIGINFO
SIGBUS: [libjvm.dylib+0x9ace44], sa_mask[0]=11100110000111110111111111111111, sa_flags=SA_RESTART|SA_SIGINFO
SIGFPE: [libjvm.dylib+0x9ace44], sa_mask[0]=11100110000111110111111111111111, sa_flags=SA_RESTART|SA_SIGINFO
SIGPIPE: [libjvm.dylib+0x896480], sa_mask[0]=11100110000111110111111111111111, sa_flags=SA_RESTART|SA_SIGINFO
SIGXFSZ: [libjvm.dylib+0x896480], sa_mask[0]=11100110000111110111111111111111, sa_flags=SA_RESTART|SA_SIGINFO
SIGILL: [libjvm.dylib+0x9ace44], sa_mask[0]=11100110000111110111111111111111, sa_flags=SA_RESTART|SA_SIGINFO
SIGUSR2: [libjvm.dylib+0x896eb8], sa_mask[0]=00100000000000000000000000000000, sa_flags=SA_RESTART|SA_SIGINFO
SIGHUP: [libjvm.dylib+0x895530], sa_mask[0]=11100110000111110111111111111111, sa_flags=SA_RESTART|SA_SIGINFO
SIGINT: [libjvm.dylib+0x895530], sa_mask[0]=11100110000111110111111111111111, sa_flags=SA_RESTART|SA_SIGINFO
SIGTERM: [libjvm.dylib+0x895530], sa_mask[0]=11100110000111110111111111111111, sa_flags=SA_RESTART|SA_SIGINFO
SIGQUIT: [libjvm.dylib+0x895530], sa_mask[0]=11100110000111110111111111111111, sa_flags=SA_RESTART|SA_SIGINFO
SIGTRAP: [libjvm.dylib+0x9ace44], sa_mask[0]=11100110000111110111111111111111, sa_flags=SA_RESTART|SA_SIGINFO


---------------  S Y S T E M  ---------------

OS:uname: Darwin 21.2.0 Darwin Kernel Version 21.2.0: Sun Nov 28 20:28:41 PST 2021; root:xnu-8019.61.5~1/RELEASE_ARM64_T6000 arm64
OS uptime: 50 days 11:07 hours
rlimit (soft/hard): STACK 8176k/65520k , CORE 0k/infinity , NPROC 5333/8000 , NOFILE 10240/infinity , AS infinity/infinity , CPU infinity/infinity , DATA infinity/infinity , FSIZE infinity/infinity , MEMLOCK infinity/infinity , RSS infinity/infinity
load average: 4.24 3.76 3.47

CPU: total 10 (initial active 10) 0x61:0x0:0x1b588bb3:0, simd, crc, lse

Memory: 16k page, physical 33554432k(160096k free), swap 2097152k(1748480k free)

vm_info: OpenJDK 64-Bit Server VM (16.0.2+7) for bsd-aarch64 JRE (16.0.2+7) (Zulu16.32+15-CA), built on Jul 22 2021 09:27:19 by "zulu_re" with clang Apple LLVM 12.0.0 (clang-1200.0.32.28)

END.
